<?xml version="1.0" encoding="UTF-8"?><testsuite errors="0" failures="0" name="org.other.COMTest" tests="1" time="0.139" timestamp="10-12-03T12:14:48"><system-out><![CDATA[03.12.2010 00:14:47 - version
03.12.2010 00:14:47 - 3.2.1
03.12.2010 00:14:47 -    
03.12.2010 00:14:47 - version.toggle
03.12.2010 00:14:47 -    
03.12.2010 00:14:47 - version.trim
03.12.2010 00:14:47 - versionDetail
03.12.2010 00:14:47 -    
03.12.2010 00:14:47 - versionDetail.major
03.12.2010 00:14:47 -    
03.12.2010 00:14:47 - versionDetail.minor
03.12.2010 00:14:47 -    
03.12.2010 00:14:47 - versionDetail.patch
03.12.2010 00:14:47 - apply
03.12.2010 00:14:47 -    
03.12.2010 00:14:47 - apply.createInterceptor
03.12.2010 00:14:47 -    
03.12.2010 00:14:47 - apply.createCallback
03.12.2010 00:14:47 -    
03.12.2010 00:14:47 - apply.createDelegate
03.12.2010 00:14:47 -    
03.12.2010 00:14:47 - apply.defer
03.12.2010 00:14:47 -    
03.12.2010 00:14:47 - apply.createSequence
03.12.2010 00:14:47 - SSL_SECURE_URL
03.12.2010 00:14:47 - about:blank
03.12.2010 00:14:47 -    
03.12.2010 00:14:47 - SSL_SECURE_URL.toggle
03.12.2010 00:14:47 -    
03.12.2010 00:14:47 - SSL_SECURE_URL.trim
03.12.2010 00:14:47 - isStrict
03.12.2010 00:14:47 - isSecure
03.12.2010 00:14:47 - isReady
03.12.2010 00:14:47 - enableGarbageCollector
03.12.2010 00:14:47 - enableListenerCollection
03.12.2010 00:14:47 - enableNestedListenerRemoval
03.12.2010 00:14:47 - USE_NATIVE_JSON
03.12.2010 00:14:47 - applyIf
03.12.2010 00:14:47 -    
03.12.2010 00:14:47 - applyIf.createInterceptor
03.12.2010 00:14:47 -    
03.12.2010 00:14:47 - applyIf.createCallback
03.12.2010 00:14:47 -    
03.12.2010 00:14:47 - applyIf.createDelegate
03.12.2010 00:14:47 -    
03.12.2010 00:14:47 - applyIf.defer
03.12.2010 00:14:47 -    
03.12.2010 00:14:47 - applyIf.createSequence
03.12.2010 00:14:47 - id
03.12.2010 00:14:47 -    
03.12.2010 00:14:47 - id.createInterceptor
03.12.2010 00:14:47 -    
03.12.2010 00:14:47 - id.createCallback
03.12.2010 00:14:47 -    
03.12.2010 00:14:47 - id.createDelegate
03.12.2010 00:14:47 -    
03.12.2010 00:14:47 - id.defer
03.12.2010 00:14:47 -    
03.12.2010 00:14:47 - id.createSequence
03.12.2010 00:14:47 - extend
03.12.2010 00:14:47 -    
03.12.2010 00:14:47 - extend.createInterceptor
03.12.2010 00:14:47 -    
03.12.2010 00:14:47 - extend.createCallback
03.12.2010 00:14:47 -    
03.12.2010 00:14:47 - extend.createDelegate
03.12.2010 00:14:47 -    
03.12.2010 00:14:47 - extend.defer
03.12.2010 00:14:47 -    
03.12.2010 00:14:47 - extend.createSequence
03.12.2010 00:14:47 - override
03.12.2010 00:14:47 -    
03.12.2010 00:14:47 - override.createInterceptor
03.12.2010 00:14:47 -    
03.12.2010 00:14:47 - override.createCallback
03.12.2010 00:14:47 -    
03.12.2010 00:14:47 - override.createDelegate
03.12.2010 00:14:47 -    
03.12.2010 00:14:47 - override.defer
03.12.2010 00:14:47 -    
03.12.2010 00:14:47 - override.createSequence
03.12.2010 00:14:47 - namespace
03.12.2010 00:14:47 -    
03.12.2010 00:14:47 - namespace.createInterceptor
03.12.2010 00:14:47 -    
03.12.2010 00:14:47 - namespace.createCallback
03.12.2010 00:14:47 -    
03.12.2010 00:14:47 - namespace.createDelegate
03.12.2010 00:14:47 -    
03.12.2010 00:14:47 - namespace.defer
03.12.2010 00:14:47 -    
03.12.2010 00:14:47 - namespace.createSequence
03.12.2010 00:14:47 - urlEncode
03.12.2010 00:14:47 -    
03.12.2010 00:14:47 - urlEncode.createInterceptor
03.12.2010 00:14:47 -    
03.12.2010 00:14:47 - urlEncode.createCallback
03.12.2010 00:14:47 -    
03.12.2010 00:14:47 - urlEncode.createDelegate
03.12.2010 00:14:47 -    
03.12.2010 00:14:47 - urlEncode.defer
03.12.2010 00:14:47 -    
03.12.2010 00:14:47 - urlEncode.createSequence
03.12.2010 00:14:47 - urlDecode
03.12.2010 00:14:47 -    
03.12.2010 00:14:47 - urlDecode.createInterceptor
03.12.2010 00:14:47 -    
03.12.2010 00:14:47 - urlDecode.createCallback
03.12.2010 00:14:47 -    
03.12.2010 00:14:47 - urlDecode.createDelegate
03.12.2010 00:14:47 -    
03.12.2010 00:14:47 - urlDecode.defer
03.12.2010 00:14:47 -    
03.12.2010 00:14:47 - urlDecode.createSequence
03.12.2010 00:14:47 - urlAppend
03.12.2010 00:14:47 -    
03.12.2010 00:14:47 - urlAppend.createInterceptor
03.12.2010 00:14:47 -    
03.12.2010 00:14:47 - urlAppend.createCallback
03.12.2010 00:14:47 -    
03.12.2010 00:14:47 - urlAppend.createDelegate
03.12.2010 00:14:47 -    
03.12.2010 00:14:47 - urlAppend.defer
03.12.2010 00:14:47 -    
03.12.2010 00:14:47 - urlAppend.createSequence
03.12.2010 00:14:47 - toArray
03.12.2010 00:14:47 -    
03.12.2010 00:14:47 - toArray.createInterceptor
03.12.2010 00:14:47 -    
03.12.2010 00:14:47 - toArray.createCallback
03.12.2010 00:14:47 -    
03.12.2010 00:14:47 - toArray.createDelegate
03.12.2010 00:14:47 -    
03.12.2010 00:14:47 - toArray.defer
03.12.2010 00:14:47 -    
03.12.2010 00:14:47 - toArray.createSequence
03.12.2010 00:14:47 - isIterable
03.12.2010 00:14:47 -    
03.12.2010 00:14:47 - isIterable.createInterceptor
03.12.2010 00:14:47 -    
03.12.2010 00:14:47 - isIterable.createCallback
03.12.2010 00:14:47 -    
03.12.2010 00:14:47 - isIterable.createDelegate
03.12.2010 00:14:47 -    
03.12.2010 00:14:47 - isIterable.defer
03.12.2010 00:14:47 -    
03.12.2010 00:14:47 - isIterable.createSequence
03.12.2010 00:14:47 - each
03.12.2010 00:14:47 -    
03.12.2010 00:14:47 - each.createInterceptor
03.12.2010 00:14:47 -    
03.12.2010 00:14:47 - each.createCallback
03.12.2010 00:14:47 -    
03.12.2010 00:14:47 - each.createDelegate
03.12.2010 00:14:47 -    
03.12.2010 00:14:47 - each.defer
03.12.2010 00:14:47 -    
03.12.2010 00:14:47 - each.createSequence
03.12.2010 00:14:47 - iterate
03.12.2010 00:14:47 -    
03.12.2010 00:14:47 - iterate.createInterceptor
03.12.2010 00:14:47 -    
03.12.2010 00:14:47 - iterate.createCallback
03.12.2010 00:14:47 -    
03.12.2010 00:14:47 - iterate.createDelegate
03.12.2010 00:14:47 -    
03.12.2010 00:14:47 - iterate.defer
03.12.2010 00:14:47 -    
03.12.2010 00:14:47 - iterate.createSequence
03.12.2010 00:14:47 - getDom
03.12.2010 00:14:47 -    
03.12.2010 00:14:47 - getDom.createInterceptor
03.12.2010 00:14:47 -    
03.12.2010 00:14:47 - getDom.createCallback
03.12.2010 00:14:47 -    
03.12.2010 00:14:47 - getDom.createDelegate
03.12.2010 00:14:47 -    
03.12.2010 00:14:47 - getDom.defer
03.12.2010 00:14:47 -    
03.12.2010 00:14:47 - getDom.createSequence
03.12.2010 00:14:47 - getBody
03.12.2010 00:14:47 -    
03.12.2010 00:14:47 - getBody.createInterceptor
03.12.2010 00:14:47 -    
03.12.2010 00:14:47 - getBody.createCallback
03.12.2010 00:14:47 -    
03.12.2010 00:14:47 - getBody.createDelegate
03.12.2010 00:14:47 -    
03.12.2010 00:14:47 - getBody.defer
03.12.2010 00:14:47 -    
03.12.2010 00:14:47 - getBody.createSequence
03.12.2010 00:14:47 - removeNode
03.12.2010 00:14:47 -    
03.12.2010 00:14:47 - removeNode.createInterceptor
03.12.2010 00:14:47 -    
03.12.2010 00:14:47 - removeNode.createCallback
03.12.2010 00:14:47 -    
03.12.2010 00:14:47 - removeNode.createDelegate
03.12.2010 00:14:47 -    
03.12.2010 00:14:47 - removeNode.defer
03.12.2010 00:14:47 -    
03.12.2010 00:14:47 - removeNode.createSequence
03.12.2010 00:14:47 - isEmpty
03.12.2010 00:14:47 -    
03.12.2010 00:14:47 - isEmpty.createInterceptor
03.12.2010 00:14:47 -    
03.12.2010 00:14:47 - isEmpty.createCallback
03.12.2010 00:14:47 -    
03.12.2010 00:14:47 - isEmpty.createDelegate
03.12.2010 00:14:47 -    
03.12.2010 00:14:47 - isEmpty.defer
03.12.2010 00:14:47 -    
03.12.2010 00:14:47 - isEmpty.createSequence
03.12.2010 00:14:47 - isArray
03.12.2010 00:14:47 -    
03.12.2010 00:14:47 - isArray.createInterceptor
03.12.2010 00:14:47 -    
03.12.2010 00:14:47 - isArray.createCallback
03.12.2010 00:14:47 -    
03.12.2010 00:14:47 - isArray.createDelegate
03.12.2010 00:14:47 -    
03.12.2010 00:14:47 - isArray.defer
03.12.2010 00:14:47 -    
03.12.2010 00:14:47 - isArray.createSequence
03.12.2010 00:14:47 - isDate
03.12.2010 00:14:47 -    
03.12.2010 00:14:47 - isDate.createInterceptor
03.12.2010 00:14:47 -    
03.12.2010 00:14:47 - isDate.createCallback
03.12.2010 00:14:47 -    
03.12.2010 00:14:47 - isDate.createDelegate
03.12.2010 00:14:47 -    
03.12.2010 00:14:47 - isDate.defer
03.12.2010 00:14:47 -    
03.12.2010 00:14:47 - isDate.createSequence
03.12.2010 00:14:47 - isObject
03.12.2010 00:14:47 -    
03.12.2010 00:14:47 - isObject.createInterceptor
03.12.2010 00:14:47 -    
03.12.2010 00:14:47 - isObject.createCallback
03.12.2010 00:14:47 -    
03.12.2010 00:14:47 - isObject.createDelegate
03.12.2010 00:14:47 -    
03.12.2010 00:14:47 - isObject.defer
03.12.2010 00:14:47 -    
03.12.2010 00:14:47 - isObject.createSequence
03.12.2010 00:14:47 - isPrimitive
03.12.2010 00:14:47 -    
03.12.2010 00:14:47 - isPrimitive.createInterceptor
03.12.2010 00:14:47 -    
03.12.2010 00:14:47 - isPrimitive.createCallback
03.12.2010 00:14:47 -    
03.12.2010 00:14:47 - isPrimitive.createDelegate
03.12.2010 00:14:47 -    
03.12.2010 00:14:47 - isPrimitive.defer
03.12.2010 00:14:47 -    
03.12.2010 00:14:47 - isPrimitive.createSequence
03.12.2010 00:14:47 - isFunction
03.12.2010 00:14:47 -    
03.12.2010 00:14:47 - isFunction.createInterceptor
03.12.2010 00:14:47 -    
03.12.2010 00:14:47 - isFunction.createCallback
03.12.2010 00:14:47 -    
03.12.2010 00:14:47 - isFunction.createDelegate
03.12.2010 00:14:47 -    
03.12.2010 00:14:47 - isFunction.defer
03.12.2010 00:14:47 -    
03.12.2010 00:14:47 - isFunction.createSequence
03.12.2010 00:14:47 - isNumber
03.12.2010 00:14:47 -    
03.12.2010 00:14:47 - isNumber.createInterceptor
03.12.2010 00:14:47 -    
03.12.2010 00:14:47 - isNumber.createCallback
03.12.2010 00:14:47 -    
03.12.2010 00:14:47 - isNumber.createDelegate
03.12.2010 00:14:47 -    
03.12.2010 00:14:47 - isNumber.defer
03.12.2010 00:14:47 -    
03.12.2010 00:14:47 - isNumber.createSequence
03.12.2010 00:14:47 - isString
03.12.2010 00:14:47 -    
03.12.2010 00:14:47 - isString.createInterceptor
03.12.2010 00:14:47 -    
03.12.2010 00:14:47 - isString.createCallback
03.12.2010 00:14:47 -    
03.12.2010 00:14:47 - isString.createDelegate
03.12.2010 00:14:47 -    
03.12.2010 00:14:47 - isString.defer
03.12.2010 00:14:47 -    
03.12.2010 00:14:47 - isString.createSequence
03.12.2010 00:14:47 - isBoolean
03.12.2010 00:14:47 -    
03.12.2010 00:14:47 - isBoolean.createInterceptor
03.12.2010 00:14:47 -    
03.12.2010 00:14:47 - isBoolean.createCallback
03.12.2010 00:14:47 -    
03.12.2010 00:14:47 - isBoolean.createDelegate
03.12.2010 00:14:47 -    
03.12.2010 00:14:47 - isBoolean.defer
03.12.2010 00:14:47 -    
03.12.2010 00:14:47 - isBoolean.createSequence
03.12.2010 00:14:47 - isElement
03.12.2010 00:14:47 -    
03.12.2010 00:14:47 - isElement.createInterceptor
03.12.2010 00:14:47 -    
03.12.2010 00:14:47 - isElement.createCallback
03.12.2010 00:14:47 -    
03.12.2010 00:14:47 - isElement.createDelegate
03.12.2010 00:14:47 -    
03.12.2010 00:14:47 - isElement.defer
03.12.2010 00:14:47 -    
03.12.2010 00:14:47 - isElement.createSequence
03.12.2010 00:14:47 - isDefined
03.12.2010 00:14:47 -    
03.12.2010 00:14:47 - isDefined.createInterceptor
03.12.2010 00:14:47 -    
03.12.2010 00:14:47 - isDefined.createCallback
03.12.2010 00:14:47 -    
03.12.2010 00:14:47 - isDefined.createDelegate
03.12.2010 00:14:47 -    
03.12.2010 00:14:47 - isDefined.defer
03.12.2010 00:14:47 -    
03.12.2010 00:14:47 - isDefined.createSequence
03.12.2010 00:14:47 - isOpera
03.12.2010 00:14:47 - isWebKit
03.12.2010 00:14:47 - isChrome
03.12.2010 00:14:47 - isSafari
03.12.2010 00:14:47 - isSafari3
03.12.2010 00:14:47 - isSafari4
03.12.2010 00:14:47 - isSafari2
03.12.2010 00:14:47 - isIE
03.12.2010 00:14:47 - isIE6
03.12.2010 00:14:47 - isIE7
03.12.2010 00:14:47 - isIE8
03.12.2010 00:14:47 - isGecko
03.12.2010 00:14:47 - isGecko2
03.12.2010 00:14:47 - isGecko3
03.12.2010 00:14:47 - isBorderBox
03.12.2010 00:14:47 - isLinux
03.12.2010 00:14:47 - isWindows
03.12.2010 00:14:47 - isMac
03.12.2010 00:14:47 - isAir
03.12.2010 00:14:47 - ns
03.12.2010 00:14:47 -    
03.12.2010 00:14:47 - ns.createInterceptor
03.12.2010 00:14:47 -    
03.12.2010 00:14:47 - ns.createCallback
03.12.2010 00:14:47 -    
03.12.2010 00:14:47 - ns.createDelegate
03.12.2010 00:14:47 -    
03.12.2010 00:14:47 - ns.defer
03.12.2010 00:14:47 -    
03.12.2010 00:14:47 - ns.createSequence
03.12.2010 00:14:47 - util
03.12.2010 00:14:47 -    
03.12.2010 00:14:47 - util.TaskRunner
03.12.2010 00:14:47 -    
03.12.2010 00:14:47 - util.DelayedTask
03.12.2010 00:14:47 -    
03.12.2010 00:14:47 - util.Observable
03.12.2010 00:14:47 -    
03.12.2010 00:14:47 - util.Event
03.12.2010 00:14:47 -    
03.12.2010 00:14:47 - util.MixedCollection
03.12.2010 00:14:47 -    
03.12.2010 00:14:47 - util.JSON
03.12.2010 00:14:47 -    
03.12.2010 00:14:47 - util.Format
03.12.2010 00:14:47 -    
03.12.2010 00:14:47 - util.CSS
03.12.2010 00:14:47 -    
03.12.2010 00:14:47 - util.ClickRepeater
03.12.2010 00:14:47 -    
03.12.2010 00:14:47 - util.TextMetrics
03.12.2010 00:14:47 -    
03.12.2010 00:14:47 - util.Cookies
03.12.2010 00:14:47 - lib
03.12.2010 00:14:47 -    
03.12.2010 00:14:47 - lib.Dom
03.12.2010 00:14:47 -    
03.12.2010 00:14:47 - lib.Event
03.12.2010 00:14:47 -    
03.12.2010 00:14:47 - lib.Ajax
03.12.2010 00:14:47 -    
03.12.2010 00:14:47 - lib.Anim
03.12.2010 00:14:47 -    
03.12.2010 00:14:47 - lib.Region
03.12.2010 00:14:47 -    
03.12.2010 00:14:47 - lib.Point
03.12.2010 00:14:47 - data
03.12.2010 00:14:47 -    
03.12.2010 00:14:47 - data.Connection
03.12.2010 00:14:47 -    
03.12.2010 00:14:47 - data.Api
03.12.2010 00:14:47 -    
03.12.2010 00:14:47 - data.Response
03.12.2010 00:14:47 -    
03.12.2010 00:14:47 - data.SortTypes
03.12.2010 00:14:47 -    
03.12.2010 00:14:47 - data.Record
03.12.2010 00:14:47 -    
03.12.2010 00:14:47 - data.Store
03.12.2010 00:14:47 -    
03.12.2010 00:14:47 - data.Field
03.12.2010 00:14:47 -    
03.12.2010 00:14:47 - data.DataReader
03.12.2010 00:14:47 -    
03.12.2010 00:14:47 - data.DataWriter
03.12.2010 00:14:47 -    
03.12.2010 00:14:47 - data.DataProxy
03.12.2010 00:14:47 -    
03.12.2010 00:14:47 - data.Request
03.12.2010 00:14:47 -    
03.12.2010 00:14:47 - data.ScriptTagProxy
03.12.2010 00:14:47 -    
03.12.2010 00:14:47 - data.HttpProxy
03.12.2010 00:14:47 -    
03.12.2010 00:14:47 - data.MemoryProxy
03.12.2010 00:14:47 -    
03.12.2010 00:14:47 - data.Types
03.12.2010 00:14:47 -    
03.12.2010 00:14:47 - data.JsonWriter
03.12.2010 00:14:47 -    
03.12.2010 00:14:47 - data.JsonReader
03.12.2010 00:14:47 -    
03.12.2010 00:14:47 - data.ArrayReader
03.12.2010 00:14:47 -    
03.12.2010 00:14:47 - data.ArrayStore
03.12.2010 00:14:47 -    
03.12.2010 00:14:47 - data.SimpleStore
03.12.2010 00:14:47 -    
03.12.2010 00:14:47 - data.JsonStore
03.12.2010 00:14:47 -    
03.12.2010 00:14:47 - data.XmlWriter
03.12.2010 00:14:47 -    
03.12.2010 00:14:47 - data.XmlReader
03.12.2010 00:14:47 -    
03.12.2010 00:14:47 - data.XmlStore
03.12.2010 00:14:47 -    
03.12.2010 00:14:47 - data.GroupingStore
03.12.2010 00:14:47 -    
03.12.2010 00:14:47 - data.DirectProxy
03.12.2010 00:14:47 -    
03.12.2010 00:14:47 - data.DirectStore
03.12.2010 00:14:47 -    
03.12.2010 00:14:47 - data.Tree
03.12.2010 00:14:47 -    
03.12.2010 00:14:47 - data.Node
03.12.2010 00:14:47 - elCache
03.12.2010 00:14:47 -    
03.12.2010 00:14:47 - elCache.ext-gen1
03.12.2010 00:14:47 -    
03.12.2010 00:14:47 - elCache.ext-gen2
03.12.2010 00:14:47 - grid
03.12.2010 00:14:47 -    
03.12.2010 00:14:47 - grid.GridPanel
03.12.2010 00:14:47 -    
03.12.2010 00:14:47 - grid.GridView
03.12.2010 00:14:47 -    
03.12.2010 00:14:47 - grid.HeaderDragZone
03.12.2010 00:14:47 -    
03.12.2010 00:14:47 - grid.HeaderDropZone
03.12.2010 00:14:47 -    
03.12.2010 00:14:47 - grid.SplitDragZone
03.12.2010 00:14:47 -    
03.12.2010 00:14:47 - grid.GridDragZone
03.12.2010 00:14:47 -    
03.12.2010 00:14:47 - grid.ColumnModel
03.12.2010 00:14:47 -    
03.12.2010 00:14:47 - grid.AbstractSelectionModel
03.12.2010 00:14:47 -    
03.12.2010 00:14:47 - grid.RowSelectionModel
03.12.2010 00:14:47 -    
03.12.2010 00:14:47 - grid.Column
03.12.2010 00:14:47 -    
03.12.2010 00:14:47 - grid.BooleanColumn
03.12.2010 00:14:47 -    
03.12.2010 00:14:47 - grid.NumberColumn
03.12.2010 00:14:47 -    
03.12.2010 00:14:47 - grid.DateColumn
03.12.2010 00:14:47 -    
03.12.2010 00:14:47 - grid.TemplateColumn
03.12.2010 00:14:47 -    
03.12.2010 00:14:47 - grid.RowNumberer
03.12.2010 00:14:47 -    
03.12.2010 00:14:47 - grid.CheckboxSelectionModel
03.12.2010 00:14:47 -    
03.12.2010 00:14:47 - grid.CellSelectionModel
03.12.2010 00:14:47 -    
03.12.2010 00:14:47 - grid.EditorGridPanel
03.12.2010 00:14:47 -    
03.12.2010 00:14:47 - grid.GridEditor
03.12.2010 00:14:47 -    
03.12.2010 00:14:47 - grid.PropertyRecord
03.12.2010 00:14:47 -    
03.12.2010 00:14:47 - grid.PropertyStore
03.12.2010 00:14:47 -    
03.12.2010 00:14:47 - grid.PropertyColumnModel
03.12.2010 00:14:47 -    
03.12.2010 00:14:47 - grid.PropertyGrid
03.12.2010 00:14:47 -    
03.12.2010 00:14:47 - grid.GroupingView
03.12.2010 00:14:47 - list
03.12.2010 00:14:47 -    
03.12.2010 00:14:47 - list.ListView
03.12.2010 00:14:47 -    
03.12.2010 00:14:47 - list.Column
03.12.2010 00:14:47 -    
03.12.2010 00:14:47 - list.NumberColumn
03.12.2010 00:14:47 -    
03.12.2010 00:14:47 - list.DateColumn
03.12.2010 00:14:47 -    
03.12.2010 00:14:47 - list.BooleanColumn
03.12.2010 00:14:47 -    
03.12.2010 00:14:47 - list.ColumnResizer
03.12.2010 00:14:47 -    
03.12.2010 00:14:47 - list.Sorter
03.12.2010 00:14:47 - dd
03.12.2010 00:14:47 -    
03.12.2010 00:14:47 - dd.DragDrop
03.12.2010 00:14:47 -    
03.12.2010 00:14:47 - dd.DragDropMgr
03.12.2010 00:14:47 -    
03.12.2010 00:14:47 - dd.DDM
03.12.2010 00:14:47 -    
03.12.2010 00:14:47 - dd.DD
03.12.2010 00:14:47 -    
03.12.2010 00:14:47 - dd.DDProxy
03.12.2010 00:14:47 -    
03.12.2010 00:14:47 - dd.DDTarget
03.12.2010 00:14:47 -    
03.12.2010 00:14:47 - dd.DragTracker
03.12.2010 00:14:47 -    
03.12.2010 00:14:47 - dd.ScrollManager
03.12.2010 00:14:47 -    
03.12.2010 00:14:47 - dd.Registry
03.12.2010 00:14:47 -    
03.12.2010 00:14:47 - dd.StatusProxy
03.12.2010 00:14:47 -    
03.12.2010 00:14:47 - dd.DragSource
03.12.2010 00:14:47 -    
03.12.2010 00:14:47 - dd.DropTarget
03.12.2010 00:14:47 -    
03.12.2010 00:14:47 - dd.DragZone
03.12.2010 00:14:47 -    
03.12.2010 00:14:47 - dd.DropZone
03.12.2010 00:14:47 -    
03.12.2010 00:14:47 - dd.PanelProxy
03.12.2010 00:14:47 - tree
03.12.2010 00:14:47 -    
03.12.2010 00:14:47 - tree.TreePanel
03.12.2010 00:14:47 -    
03.12.2010 00:14:47 - tree.TreeEventModel
03.12.2010 00:14:47 -    
03.12.2010 00:14:47 - tree.DefaultSelectionModel
03.12.2010 00:14:47 -    
03.12.2010 00:14:47 - tree.MultiSelectionModel
03.12.2010 00:14:47 -    
03.12.2010 00:14:47 - tree.TreeNode
03.12.2010 00:14:47 -    
03.12.2010 00:14:47 - tree.AsyncTreeNode
03.12.2010 00:14:47 -    
03.12.2010 00:14:47 - tree.TreeNodeUI
03.12.2010 00:14:47 -    
03.12.2010 00:14:47 - tree.RootTreeNodeUI
03.12.2010 00:14:47 -    
03.12.2010 00:14:47 - tree.TreeLoader
03.12.2010 00:14:47 -    
03.12.2010 00:14:47 - tree.TreeFilter
03.12.2010 00:14:47 -    
03.12.2010 00:14:47 - tree.TreeSorter
03.12.2010 00:14:47 -    
03.12.2010 00:14:47 - tree.TreeDropZone
03.12.2010 00:14:47 -    
03.12.2010 00:14:47 - tree.TreeDragZone
03.12.2010 00:14:47 -    
03.12.2010 00:14:47 - tree.TreeEditor
03.12.2010 00:14:47 - form
03.12.2010 00:14:47 -    
03.12.2010 00:14:47 - form.Field
03.12.2010 00:14:47 -    
03.12.2010 00:14:47 - form.MessageTargets
03.12.2010 00:14:47 -    
03.12.2010 00:14:47 - form.TextField
03.12.2010 00:14:47 -    
03.12.2010 00:14:47 - form.TriggerField
03.12.2010 00:14:47 -    
03.12.2010 00:14:47 - form.TwinTriggerField
03.12.2010 00:14:47 -    
03.12.2010 00:14:47 - form.TextArea
03.12.2010 00:14:47 -    
03.12.2010 00:14:47 - form.NumberField
03.12.2010 00:14:47 -    
03.12.2010 00:14:47 - form.DateField
03.12.2010 00:14:47 -    
03.12.2010 00:14:47 - form.DisplayField
03.12.2010 00:14:47 -    
03.12.2010 00:14:47 - form.ComboBox
03.12.2010 00:14:47 -    
03.12.2010 00:14:47 - form.Checkbox
03.12.2010 00:14:47 -    
03.12.2010 00:14:47 - form.CheckboxGroup
03.12.2010 00:14:47 -    
03.12.2010 00:14:47 - form.CompositeField
03.12.2010 00:14:47 -    
03.12.2010 00:14:47 - form.Radio
03.12.2010 00:14:47 -    
03.12.2010 00:14:47 - form.RadioGroup
03.12.2010 00:14:47 -    
03.12.2010 00:14:47 - form.Hidden
03.12.2010 00:14:47 -    
03.12.2010 00:14:47 - form.BasicForm
03.12.2010 00:14:47 -    
03.12.2010 00:14:47 - form.FormPanel
03.12.2010 00:14:47 -    
03.12.2010 00:14:47 - form.FieldSet
03.12.2010 00:14:47 -    
03.12.2010 00:14:47 - form.HtmlEditor
03.12.2010 00:14:47 -    
03.12.2010 00:14:47 - form.TimeField
03.12.2010 00:14:47 -    
03.12.2010 00:14:47 - form.SliderField
03.12.2010 00:14:47 -    
03.12.2010 00:14:47 - form.Label
03.12.2010 00:14:47 -    
03.12.2010 00:14:47 - form.Action
03.12.2010 00:14:47 -    
03.12.2010 00:14:47 - form.VTypes
03.12.2010 00:14:47 - menu
03.12.2010 00:14:47 -    
03.12.2010 00:14:47 - menu.Menu
03.12.2010 00:14:47 -    
03.12.2010 00:14:47 - menu.MenuNav
03.12.2010 00:14:47 -    
03.12.2010 00:14:47 - menu.MenuMgr
03.12.2010 00:14:47 -    
03.12.2010 00:14:47 - menu.BaseItem
03.12.2010 00:14:47 -    
03.12.2010 00:14:47 - menu.TextItem
03.12.2010 00:14:47 -    
03.12.2010 00:14:47 - menu.Separator
03.12.2010 00:14:47 -    
03.12.2010 00:14:47 - menu.Item
03.12.2010 00:14:47 -    
03.12.2010 00:14:47 - menu.CheckItem
03.12.2010 00:14:47 -    
03.12.2010 00:14:47 - menu.DateMenu
03.12.2010 00:14:47 -    
03.12.2010 00:14:47 - menu.ColorMenu
03.12.2010 00:14:47 - state
03.12.2010 00:14:47 -    
03.12.2010 00:14:47 - state.Provider
03.12.2010 00:14:47 -    
03.12.2010 00:14:47 - state.Manager
03.12.2010 00:14:47 -    
03.12.2010 00:14:47 - state.CookieProvider
03.12.2010 00:14:47 - layout
03.12.2010 00:14:47 -    
03.12.2010 00:14:47 - layout.ContainerLayout
03.12.2010 00:14:47 -    
03.12.2010 00:14:47 - layout.AutoLayout
03.12.2010 00:14:47 -    
03.12.2010 00:14:47 - layout.FitLayout
03.12.2010 00:14:47 -    
03.12.2010 00:14:47 - layout.CardLayout
03.12.2010 00:14:47 -    
03.12.2010 00:14:47 - layout.AnchorLayout
03.12.2010 00:14:47 -    
03.12.2010 00:14:47 - layout.ColumnLayout
03.12.2010 00:14:47 -    
03.12.2010 00:14:47 - layout.BorderLayout
03.12.2010 00:14:47 -    
03.12.2010 00:14:47 - layout.FormLayout
03.12.2010 00:14:47 -    
03.12.2010 00:14:47 - layout.AccordionLayout
03.12.2010 00:14:47 -    
03.12.2010 00:14:47 - layout.Accordion
03.12.2010 00:14:47 -    
03.12.2010 00:14:47 - layout.TableLayout
03.12.2010 00:14:47 -    
03.12.2010 00:14:47 - layout.AbsoluteLayout
03.12.2010 00:14:47 -    
03.12.2010 00:14:47 - layout.BoxLayout
03.12.2010 00:14:47 -    
03.12.2010 00:14:47 - layout.VBoxLayout
03.12.2010 00:14:47 -    
03.12.2010 00:14:47 - layout.HBoxLayout
03.12.2010 00:14:47 -    
03.12.2010 00:14:47 - layout.ToolbarLayout
03.12.2010 00:14:47 -    
03.12.2010 00:14:47 - layout.MenuLayout
03.12.2010 00:14:47 - app
03.12.2010 00:14:47 - ux
03.12.2010 00:14:47 -    
03.12.2010 00:14:47 - ux.SliderTip
03.12.2010 00:14:47 - chart
03.12.2010 00:14:47 -    
03.12.2010 00:14:47 - chart.Chart
03.12.2010 00:14:47 -    
03.12.2010 00:14:47 - chart.PieChart
03.12.2010 00:14:47 -    
03.12.2010 00:14:47 - chart.CartesianChart
03.12.2010 00:14:47 -    
03.12.2010 00:14:47 - chart.LineChart
03.12.2010 00:14:47 -    
03.12.2010 00:14:47 - chart.ColumnChart
03.12.2010 00:14:47 -    
03.12.2010 00:14:47 - chart.StackedColumnChart
03.12.2010 00:14:47 -    
03.12.2010 00:14:47 - chart.BarChart
03.12.2010 00:14:47 -    
03.12.2010 00:14:47 - chart.StackedBarChart
03.12.2010 00:14:47 -    
03.12.2010 00:14:47 - chart.Axis
03.12.2010 00:14:47 -    
03.12.2010 00:14:47 - chart.NumericAxis
03.12.2010 00:14:47 -    
03.12.2010 00:14:47 - chart.TimeAxis
03.12.2010 00:14:47 -    
03.12.2010 00:14:47 - chart.CategoryAxis
03.12.2010 00:14:47 -    
03.12.2010 00:14:47 - chart.Series
03.12.2010 00:14:47 -    
03.12.2010 00:14:47 - chart.CartesianSeries
03.12.2010 00:14:47 -    
03.12.2010 00:14:47 - chart.ColumnSeries
03.12.2010 00:14:47 -    
03.12.2010 00:14:47 - chart.LineSeries
03.12.2010 00:14:47 -    
03.12.2010 00:14:47 - chart.BarSeries
03.12.2010 00:14:47 -    
03.12.2010 00:14:47 - chart.PieSeries
03.12.2010 00:14:47 - direct
03.12.2010 00:14:47 -    
03.12.2010 00:14:47 - direct.Provider
03.12.2010 00:14:47 -    
03.12.2010 00:14:47 - direct.JsonProvider
03.12.2010 00:14:47 -    
03.12.2010 00:14:47 - direct.PollingProvider
03.12.2010 00:14:47 -    
03.12.2010 00:14:47 - direct.RemotingProvider
03.12.2010 00:14:47 - emptyFn
03.12.2010 00:14:47 -    
03.12.2010 00:14:47 - emptyFn.createInterceptor
03.12.2010 00:14:47 -    
03.12.2010 00:14:47 - emptyFn.createCallback
03.12.2010 00:14:47 -    
03.12.2010 00:14:47 - emptyFn.createDelegate
03.12.2010 00:14:47 -    
03.12.2010 00:14:47 - emptyFn.defer
03.12.2010 00:14:47 -    
03.12.2010 00:14:47 - emptyFn.createSequence
03.12.2010 00:14:47 - BLANK_IMAGE_URL
03.12.2010 00:14:47 - data:image/gif;base64,R0lGODlhAQABAID/AMDAwAAAACH5BAEAAAAALAAAAAABAAEAAAICRAEAOw==
03.12.2010 00:14:47 -    
03.12.2010 00:14:47 - BLANK_IMAGE_URL.toggle
03.12.2010 00:14:47 -    
03.12.2010 00:14:47 - BLANK_IMAGE_URL.trim
03.12.2010 00:14:47 - extendX
03.12.2010 00:14:47 -    
03.12.2010 00:14:47 - extendX.createInterceptor
03.12.2010 00:14:47 -    
03.12.2010 00:14:47 - extendX.createCallback
03.12.2010 00:14:47 -    
03.12.2010 00:14:47 - extendX.createDelegate
03.12.2010 00:14:47 -    
03.12.2010 00:14:47 - extendX.defer
03.12.2010 00:14:47 -    
03.12.2010 00:14:47 - extendX.createSequence
03.12.2010 00:14:47 - getDoc
03.12.2010 00:14:47 -    
03.12.2010 00:14:47 - getDoc.createInterceptor
03.12.2010 00:14:47 -    
03.12.2010 00:14:47 - getDoc.createCallback
03.12.2010 00:14:47 -    
03.12.2010 00:14:47 - getDoc.createDelegate
03.12.2010 00:14:47 -    
03.12.2010 00:14:47 - getDoc.defer
03.12.2010 00:14:47 -    
03.12.2010 00:14:47 - getDoc.createSequence
03.12.2010 00:14:47 - num
03.12.2010 00:14:47 -    
03.12.2010 00:14:47 - num.createInterceptor
03.12.2010 00:14:47 -    
03.12.2010 00:14:47 - num.createCallback
03.12.2010 00:14:47 -    
03.12.2010 00:14:47 - num.createDelegate
03.12.2010 00:14:47 -    
03.12.2010 00:14:47 - num.defer
03.12.2010 00:14:47 -    
03.12.2010 00:14:47 - num.createSequence
03.12.2010 00:14:47 - value
03.12.2010 00:14:47 -    
03.12.2010 00:14:47 - value.createInterceptor
03.12.2010 00:14:47 -    
03.12.2010 00:14:47 - value.createCallback
03.12.2010 00:14:47 -    
03.12.2010 00:14:47 - value.createDelegate
03.12.2010 00:14:47 -    
03.12.2010 00:14:47 - value.defer
03.12.2010 00:14:47 -    
03.12.2010 00:14:47 - value.createSequence
03.12.2010 00:14:47 - escapeRe
03.12.2010 00:14:47 -    
03.12.2010 00:14:47 - escapeRe.createInterceptor
03.12.2010 00:14:47 -    
03.12.2010 00:14:47 - escapeRe.createCallback
03.12.2010 00:14:47 -    
03.12.2010 00:14:47 - escapeRe.createDelegate
03.12.2010 00:14:47 -    
03.12.2010 00:14:47 - escapeRe.defer
03.12.2010 00:14:47 -    
03.12.2010 00:14:47 - escapeRe.createSequence
03.12.2010 00:14:47 - sequence
03.12.2010 00:14:47 -    
03.12.2010 00:14:47 - sequence.createInterceptor
03.12.2010 00:14:47 -    
03.12.2010 00:14:47 - sequence.createCallback
03.12.2010 00:14:47 -    
03.12.2010 00:14:47 - sequence.createDelegate
03.12.2010 00:14:47 -    
03.12.2010 00:14:47 - sequence.defer
03.12.2010 00:14:47 -    
03.12.2010 00:14:47 - sequence.createSequence
03.12.2010 00:14:47 - addBehaviors
03.12.2010 00:14:47 -    
03.12.2010 00:14:47 - addBehaviors.createInterceptor
03.12.2010 00:14:47 -    
03.12.2010 00:14:47 - addBehaviors.createCallback
03.12.2010 00:14:47 -    
03.12.2010 00:14:47 - addBehaviors.createDelegate
03.12.2010 00:14:47 -    
03.12.2010 00:14:47 - addBehaviors.defer
03.12.2010 00:14:47 -    
03.12.2010 00:14:47 - addBehaviors.createSequence
03.12.2010 00:14:47 - getScrollBarWidth
03.12.2010 00:14:47 -    
03.12.2010 00:14:47 - getScrollBarWidth.createInterceptor
03.12.2010 00:14:47 -    
03.12.2010 00:14:47 - getScrollBarWidth.createCallback
03.12.2010 00:14:47 -    
03.12.2010 00:14:47 - getScrollBarWidth.createDelegate
03.12.2010 00:14:47 -    
03.12.2010 00:14:47 - getScrollBarWidth.defer
03.12.2010 00:14:47 -    
03.12.2010 00:14:47 - getScrollBarWidth.createSequence
03.12.2010 00:14:47 - combine
03.12.2010 00:14:47 -    
03.12.2010 00:14:47 - combine.createInterceptor
03.12.2010 00:14:47 -    
03.12.2010 00:14:47 - combine.createCallback
03.12.2010 00:14:47 -    
03.12.2010 00:14:47 - combine.createDelegate
03.12.2010 00:14:47 -    
03.12.2010 00:14:47 - combine.defer
03.12.2010 00:14:47 -    
03.12.2010 00:14:47 - combine.createSequence
03.12.2010 00:14:47 - copyTo
03.12.2010 00:14:47 -    
03.12.2010 00:14:47 - copyTo.createInterceptor
03.12.2010 00:14:47 -    
03.12.2010 00:14:47 - copyTo.createCallback
03.12.2010 00:14:47 -    
03.12.2010 00:14:47 - copyTo.createDelegate
03.12.2010 00:14:47 -    
03.12.2010 00:14:47 - copyTo.defer
03.12.2010 00:14:47 -    
03.12.2010 00:14:47 - copyTo.createSequence
03.12.2010 00:14:47 - destroy
03.12.2010 00:14:47 -    
03.12.2010 00:14:47 - destroy.createInterceptor
03.12.2010 00:14:47 -    
03.12.2010 00:14:47 - destroy.createCallback
03.12.2010 00:14:47 -    
03.12.2010 00:14:47 - destroy.createDelegate
03.12.2010 00:14:47 -    
03.12.2010 00:14:47 - destroy.defer
03.12.2010 00:14:47 -    
03.12.2010 00:14:47 - destroy.createSequence
03.12.2010 00:14:47 - destroyMembers
03.12.2010 00:14:47 -    
03.12.2010 00:14:47 - destroyMembers.createInterceptor
03.12.2010 00:14:47 -    
03.12.2010 00:14:47 - destroyMembers.createCallback
03.12.2010 00:14:47 -    
03.12.2010 00:14:47 - destroyMembers.createDelegate
03.12.2010 00:14:47 -    
03.12.2010 00:14:47 - destroyMembers.defer
03.12.2010 00:14:47 -    
03.12.2010 00:14:47 - destroyMembers.createSequence
03.12.2010 00:14:47 - clean
03.12.2010 00:14:47 -    
03.12.2010 00:14:47 - clean.createInterceptor
03.12.2010 00:14:47 -    
03.12.2010 00:14:47 - clean.createCallback
03.12.2010 00:14:47 -    
03.12.2010 00:14:47 - clean.createDelegate
03.12.2010 00:14:47 -    
03.12.2010 00:14:47 - clean.defer
03.12.2010 00:14:47 -    
03.12.2010 00:14:47 - clean.createSequence
03.12.2010 00:14:47 - unique
03.12.2010 00:14:47 -    
03.12.2010 00:14:47 - unique.createInterceptor
03.12.2010 00:14:47 -    
03.12.2010 00:14:47 - unique.createCallback
03.12.2010 00:14:47 -    
03.12.2010 00:14:47 - unique.createDelegate
03.12.2010 00:14:47 -    
03.12.2010 00:14:47 - unique.defer
03.12.2010 00:14:47 -    
03.12.2010 00:14:47 - unique.createSequence
03.12.2010 00:14:47 - flatten
03.12.2010 00:14:47 -    
03.12.2010 00:14:47 - flatten.createInterceptor
03.12.2010 00:14:47 -    
03.12.2010 00:14:47 - flatten.createCallback
03.12.2010 00:14:47 -    
03.12.2010 00:14:47 - flatten.createDelegate
03.12.2010 00:14:47 -    
03.12.2010 00:14:47 - flatten.defer
03.12.2010 00:14:47 -    
03.12.2010 00:14:47 - flatten.createSequence
03.12.2010 00:14:47 - min
03.12.2010 00:14:47 -    
03.12.2010 00:14:47 - min.createInterceptor
03.12.2010 00:14:47 -    
03.12.2010 00:14:47 - min.createCallback
03.12.2010 00:14:47 -    
03.12.2010 00:14:47 - min.createDelegate
03.12.2010 00:14:47 -    
03.12.2010 00:14:47 - min.defer
03.12.2010 00:14:47 -    
03.12.2010 00:14:47 - min.createSequence
03.12.2010 00:14:47 - max
03.12.2010 00:14:47 -    
03.12.2010 00:14:47 - max.createInterceptor
03.12.2010 00:14:47 -    
03.12.2010 00:14:47 - max.createCallback
03.12.2010 00:14:47 -    
03.12.2010 00:14:47 - max.createDelegate
03.12.2010 00:14:47 -    
03.12.2010 00:14:47 - max.defer
03.12.2010 00:14:47 -    
03.12.2010 00:14:47 - max.createSequence
03.12.2010 00:14:47 - mean
03.12.2010 00:14:47 -    
03.12.2010 00:14:47 - mean.createInterceptor
03.12.2010 00:14:47 -    
03.12.2010 00:14:47 - mean.createCallback
03.12.2010 00:14:47 -    
03.12.2010 00:14:47 - mean.createDelegate
03.12.2010 00:14:47 -    
03.12.2010 00:14:47 - mean.defer
03.12.2010 00:14:47 -    
03.12.2010 00:14:47 - mean.createSequence
03.12.2010 00:14:47 - sum
03.12.2010 00:14:47 -    
03.12.2010 00:14:47 - sum.createInterceptor
03.12.2010 00:14:47 -    
03.12.2010 00:14:47 - sum.createCallback
03.12.2010 00:14:47 -    
03.12.2010 00:14:47 - sum.createDelegate
03.12.2010 00:14:47 -    
03.12.2010 00:14:47 - sum.defer
03.12.2010 00:14:47 -    
03.12.2010 00:14:47 - sum.createSequence
03.12.2010 00:14:47 - partition
03.12.2010 00:14:47 -    
03.12.2010 00:14:47 - partition.createInterceptor
03.12.2010 00:14:47 -    
03.12.2010 00:14:47 - partition.createCallback
03.12.2010 00:14:47 -    
03.12.2010 00:14:47 - partition.createDelegate
03.12.2010 00:14:47 -    
03.12.2010 00:14:47 - partition.defer
03.12.2010 00:14:47 -    
03.12.2010 00:14:47 - partition.createSequence
03.12.2010 00:14:47 - invoke
03.12.2010 00:14:47 -    
03.12.2010 00:14:47 - invoke.createInterceptor
03.12.2010 00:14:47 -    
03.12.2010 00:14:47 - invoke.createCallback
03.12.2010 00:14:47 -    
03.12.2010 00:14:47 - invoke.createDelegate
03.12.2010 00:14:47 -    
03.12.2010 00:14:47 - invoke.defer
03.12.2010 00:14:47 -    
03.12.2010 00:14:47 - invoke.createSequence
03.12.2010 00:14:47 - pluck
03.12.2010 00:14:47 -    
03.12.2010 00:14:47 - pluck.createInterceptor
03.12.2010 00:14:47 -    
03.12.2010 00:14:47 - pluck.createCallback
03.12.2010 00:14:47 -    
03.12.2010 00:14:47 - pluck.createDelegate
03.12.2010 00:14:47 -    
03.12.2010 00:14:47 - pluck.defer
03.12.2010 00:14:47 -    
03.12.2010 00:14:47 - pluck.createSequence
03.12.2010 00:14:47 - zip
03.12.2010 00:14:47 -    
03.12.2010 00:14:47 - zip.createInterceptor
03.12.2010 00:14:47 -    
03.12.2010 00:14:47 - zip.createCallback
03.12.2010 00:14:47 -    
03.12.2010 00:14:47 - zip.createDelegate
03.12.2010 00:14:47 -    
03.12.2010 00:14:47 - zip.defer
03.12.2010 00:14:47 -    
03.12.2010 00:14:47 - zip.createSequence
03.12.2010 00:14:47 - getCmp
03.12.2010 00:14:47 -    
03.12.2010 00:14:47 - getCmp.createInterceptor
03.12.2010 00:14:47 -    
03.12.2010 00:14:47 - getCmp.createCallback
03.12.2010 00:14:47 -    
03.12.2010 00:14:47 - getCmp.createDelegate
03.12.2010 00:14:47 -    
03.12.2010 00:14:47 - getCmp.defer
03.12.2010 00:14:47 -    
03.12.2010 00:14:47 - getCmp.createSequence
03.12.2010 00:14:47 - useShims
03.12.2010 00:14:47 - type
03.12.2010 00:14:47 -    
03.12.2010 00:14:47 - type.createInterceptor
03.12.2010 00:14:47 -    
03.12.2010 00:14:47 - type.createCallback
03.12.2010 00:14:47 -    
03.12.2010 00:14:47 - type.createDelegate
03.12.2010 00:14:47 -    
03.12.2010 00:14:47 - type.defer
03.12.2010 00:14:47 -    
03.12.2010 00:14:47 - type.createSequence
03.12.2010 00:14:47 - intercept
03.12.2010 00:14:47 -    
03.12.2010 00:14:47 - intercept.createInterceptor
03.12.2010 00:14:47 -    
03.12.2010 00:14:47 - intercept.createCallback
03.12.2010 00:14:47 -    
03.12.2010 00:14:47 - intercept.createDelegate
03.12.2010 00:14:47 -    
03.12.2010 00:14:47 - intercept.defer
03.12.2010 00:14:47 -    
03.12.2010 00:14:47 - intercept.createSequence
03.12.2010 00:14:47 - callback
03.12.2010 00:14:47 -    
03.12.2010 00:14:47 - callback.createInterceptor
03.12.2010 00:14:47 -    
03.12.2010 00:14:47 - callback.createCallback
03.12.2010 00:14:47 -    
03.12.2010 00:14:47 - callback.createDelegate
03.12.2010 00:14:47 -    
03.12.2010 00:14:47 - callback.defer
03.12.2010 00:14:47 -    
03.12.2010 00:14:47 - callback.createSequence
03.12.2010 00:14:47 - TaskMgr
03.12.2010 00:14:47 -    
03.12.2010 00:14:47 - TaskMgr.start
03.12.2010 00:14:47 -    
03.12.2010 00:14:47 - TaskMgr.stop
03.12.2010 00:14:47 -    
03.12.2010 00:14:47 - TaskMgr.stopAll
03.12.2010 00:14:47 - DomHelper
03.12.2010 00:14:47 -    
03.12.2010 00:14:47 - DomHelper.markup
03.12.2010 00:14:47 -    
03.12.2010 00:14:47 - DomHelper.applyStyles
03.12.2010 00:14:47 -    
03.12.2010 00:14:47 - DomHelper.insertHtml
03.12.2010 00:14:47 -    
03.12.2010 00:14:47 - DomHelper.insertBefore
03.12.2010 00:14:47 -    
03.12.2010 00:14:47 - DomHelper.insertAfter
03.12.2010 00:14:47 -    
03.12.2010 00:14:47 - DomHelper.insertFirst
03.12.2010 00:14:47 -    
03.12.2010 00:14:47 - DomHelper.append
03.12.2010 00:14:47 -    
03.12.2010 00:14:47 - DomHelper.overwrite
03.12.2010 00:14:47 -    
03.12.2010 00:14:47 - DomHelper.createHtml
03.12.2010 00:14:47 -    
03.12.2010 00:14:47 - DomHelper.createTemplate
03.12.2010 00:14:47 -    
03.12.2010 00:14:47 - DomHelper.useDom
03.12.2010 00:14:47 -    
03.12.2010 00:14:47 - DomHelper.createDom
03.12.2010 00:14:47 - Template
03.12.2010 00:14:47 -    
03.12.2010 00:14:47 - Template.from
03.12.2010 00:14:47 -    
03.12.2010 00:14:47 - Template.createInterceptor
03.12.2010 00:14:47 -    
03.12.2010 00:14:47 - Template.createCallback
03.12.2010 00:14:47 -    
03.12.2010 00:14:47 - Template.createDelegate
03.12.2010 00:14:47 -    
03.12.2010 00:14:47 - Template.defer
03.12.2010 00:14:47 -    
03.12.2010 00:14:47 - Template.createSequence
03.12.2010 00:14:47 - DomQuery
03.12.2010 00:14:47 -    
03.12.2010 00:14:47 - DomQuery.getStyle
03.12.2010 00:14:47 -    
03.12.2010 00:14:47 - DomQuery.compile
03.12.2010 00:14:47 -    
03.12.2010 00:14:47 - DomQuery.jsSelect
03.12.2010 00:14:47 -    
03.12.2010 00:14:47 - DomQuery.isXml
03.12.2010 00:14:47 -    
03.12.2010 00:14:47 - DomQuery.select
03.12.2010 00:14:47 -    
03.12.2010 00:14:47 - DomQuery.selectNode
03.12.2010 00:14:47 -    
03.12.2010 00:14:47 - DomQuery.selectValue
03.12.2010 00:14:47 -    
03.12.2010 00:14:47 - DomQuery.selectNumber
03.12.2010 00:14:47 -    
03.12.2010 00:14:47 - DomQuery.is
03.12.2010 00:14:47 -    
03.12.2010 00:14:47 - DomQuery.filter
03.12.2010 00:14:47 -    
03.12.2010 00:14:47 - DomQuery.matchers
03.12.2010 00:14:47 -    
03.12.2010 00:14:47 - DomQuery.operators
03.12.2010 00:14:47 -    
03.12.2010 00:14:47 - DomQuery.pseudos
03.12.2010 00:14:47 - query
03.12.2010 00:14:47 -    
03.12.2010 00:14:47 - query.createInterceptor
03.12.2010 00:14:47 -    
03.12.2010 00:14:47 - query.createCallback
03.12.2010 00:14:47 -    
03.12.2010 00:14:47 - query.createDelegate
03.12.2010 00:14:47 -    
03.12.2010 00:14:47 - query.defer
03.12.2010 00:14:47 -    
03.12.2010 00:14:47 - query.createSequence
03.12.2010 00:14:47 - EventManager
03.12.2010 00:14:47 -    
03.12.2010 00:14:47 - EventManager.addListener
03.12.2010 00:14:47 -    
03.12.2010 00:14:47 - EventManager.removeListener
03.12.2010 00:14:47 -    
03.12.2010 00:14:47 - EventManager.removeAll
03.12.2010 00:14:47 -    
03.12.2010 00:14:47 - EventManager.getListeners
03.12.2010 00:14:47 -    
03.12.2010 00:14:47 - EventManager.purgeElement
03.12.2010 00:14:47 -    
03.12.2010 00:14:47 - EventManager._unload
03.12.2010 00:14:47 -    
03.12.2010 00:14:47 - EventManager.onDocumentReady
03.12.2010 00:14:47 -    
03.12.2010 00:14:47 - EventManager.fireDocReady
03.12.2010 00:14:47 -    
03.12.2010 00:14:47 - EventManager.on
03.12.2010 00:14:47 -    
03.12.2010 00:14:47 - EventManager.un
03.12.2010 00:14:47 -    
03.12.2010 00:14:47 - EventManager.stoppedMouseDownEvent
03.12.2010 00:14:47 -    
03.12.2010 00:14:47 - EventManager.doResizeEvent
03.12.2010 00:14:47 -    
03.12.2010 00:14:47 - EventManager.onWindowResize
03.12.2010 00:14:47 -    
03.12.2010 00:14:47 - EventManager.fireWindowResize
03.12.2010 00:14:47 -    
03.12.2010 00:14:47 - EventManager.onTextResize
03.12.2010 00:14:47 -    
03.12.2010 00:14:47 - EventManager.removeResizeListener
03.12.2010 00:14:47 -    
03.12.2010 00:14:47 - EventManager.fireResize
03.12.2010 00:14:47 -    
03.12.2010 00:14:47 - EventManager.textResizeInterval
03.12.2010 00:14:47 -    
03.12.2010 00:14:47 - EventManager.ieDeferSrc
03.12.2010 00:14:47 -    
03.12.2010 00:14:47 - EventManager.useKeydown
03.12.2010 00:14:47 - onReady
03.12.2010 00:14:47 -    
03.12.2010 00:14:47 - onReady.createInterceptor
03.12.2010 00:14:47 -    
03.12.2010 00:14:47 - onReady.createCallback
03.12.2010 00:14:47 -    
03.12.2010 00:14:47 - onReady.createDelegate
03.12.2010 00:14:47 -    
03.12.2010 00:14:47 - onReady.defer
03.12.2010 00:14:47 -    
03.12.2010 00:14:47 - onReady.createSequence
03.12.2010 00:14:47 - EventObjectImpl
03.12.2010 00:14:47 -    
03.12.2010 00:14:47 - EventObjectImpl.createInterceptor
03.12.2010 00:14:47 -    
03.12.2010 00:14:47 - EventObjectImpl.createCallback
03.12.2010 00:14:47 -    
03.12.2010 00:14:47 - EventObjectImpl.createDelegate
03.12.2010 00:14:47 -    
03.12.2010 00:14:47 - EventObjectImpl.defer
03.12.2010 00:14:47 -    
03.12.2010 00:14:47 - EventObjectImpl.createSequence
03.12.2010 00:14:47 - EventObject
03.12.2010 00:14:47 -    
03.12.2010 00:14:47 - EventObject.setEvent
03.12.2010 00:14:47 -    
03.12.2010 00:14:47 - EventObject.stopEvent
03.12.2010 00:14:47 -    
03.12.2010 00:14:47 - EventObject.preventDefault
03.12.2010 00:14:47 -    
03.12.2010 00:14:47 - EventObject.stopPropagation
03.12.2010 00:14:47 -    
03.12.2010 00:14:47 - EventObject.getCharCode
03.12.2010 00:14:47 -    
03.12.2010 00:14:47 - EventObject.getKey
03.12.2010 00:14:47 -    
03.12.2010 00:14:47 - EventObject.normalizeKey
03.12.2010 00:14:47 -    
03.12.2010 00:14:47 - EventObject.getPageX
03.12.2010 00:14:47 -    
03.12.2010 00:14:47 - EventObject.getPageY
03.12.2010 00:14:47 -    
03.12.2010 00:14:47 - EventObject.getXY
03.12.2010 00:14:47 -    
03.12.2010 00:14:47 - EventObject.getTarget
03.12.2010 00:14:47 -    
03.12.2010 00:14:47 - EventObject.getRelatedTarget
03.12.2010 00:14:47 -    
03.12.2010 00:14:47 - EventObject.getWheelDelta
03.12.2010 00:14:47 -    
03.12.2010 00:14:47 - EventObject.within
03.12.2010 00:14:47 -    
03.12.2010 00:14:47 - EventObject.BACKSPACE
03.12.2010 00:14:47 -    
03.12.2010 00:14:47 - EventObject.TAB
03.12.2010 00:14:47 -    
03.12.2010 00:14:47 - EventObject.NUM_CENTER
03.12.2010 00:14:47 -    
03.12.2010 00:14:47 - EventObject.ENTER
03.12.2010 00:14:47 -    
03.12.2010 00:14:47 - EventObject.RETURN
03.12.2010 00:14:47 -    
03.12.2010 00:14:47 - EventObject.SHIFT
03.12.2010 00:14:47 -    
03.12.2010 00:14:47 - EventObject.CTRL
03.12.2010 00:14:47 -    
03.12.2010 00:14:47 - EventObject.CONTROL
03.12.2010 00:14:47 -    
03.12.2010 00:14:47 - EventObject.ALT
03.12.2010 00:14:47 -    
03.12.2010 00:14:47 - EventObject.PAUSE
03.12.2010 00:14:47 -    
03.12.2010 00:14:47 - EventObject.CAPS_LOCK
03.12.2010 00:14:47 -    
03.12.2010 00:14:47 - EventObject.ESC
03.12.2010 00:14:47 -    
03.12.2010 00:14:47 - EventObject.SPACE
03.12.2010 00:14:47 -    
03.12.2010 00:14:47 - EventObject.PAGE_UP
03.12.2010 00:14:47 -    
03.12.2010 00:14:47 - EventObject.PAGEUP
03.12.2010 00:14:47 -    
03.12.2010 00:14:47 - EventObject.PAGE_DOWN
03.12.2010 00:14:47 -    
03.12.2010 00:14:47 - EventObject.PAGEDOWN
03.12.2010 00:14:47 -    
03.12.2010 00:14:47 - EventObject.END
03.12.2010 00:14:47 -    
03.12.2010 00:14:47 - EventObject.HOME
03.12.2010 00:14:47 -    
03.12.2010 00:14:47 - EventObject.LEFT
03.12.2010 00:14:47 -    
03.12.2010 00:14:47 - EventObject.UP
03.12.2010 00:14:47 -    
03.12.2010 00:14:47 - EventObject.RIGHT
03.12.2010 00:14:47 -    
03.12.2010 00:14:47 - EventObject.DOWN
03.12.2010 00:14:47 -    
03.12.2010 00:14:47 - EventObject.PRINT_SCREEN
03.12.2010 00:14:47 -    
03.12.2010 00:14:47 - EventObject.INSERT
03.12.2010 00:14:47 -    
03.12.2010 00:14:47 - EventObject.DELETE
03.12.2010 00:14:47 -    
03.12.2010 00:14:47 - EventObject.ZERO
03.12.2010 00:14:47 -    
03.12.2010 00:14:47 - EventObject.ONE
03.12.2010 00:14:47 -    
03.12.2010 00:14:47 - EventObject.TWO
03.12.2010 00:14:47 -    
03.12.2010 00:14:47 - EventObject.THREE
03.12.2010 00:14:47 -    
03.12.2010 00:14:47 - EventObject.FOUR
03.12.2010 00:14:47 -    
03.12.2010 00:14:47 - EventObject.FIVE
03.12.2010 00:14:47 -    
03.12.2010 00:14:47 - EventObject.SIX
03.12.2010 00:14:47 -    
03.12.2010 00:14:47 - EventObject.SEVEN
03.12.2010 00:14:47 -    
03.12.2010 00:14:47 - EventObject.EIGHT
03.12.2010 00:14:47 -    
03.12.2010 00:14:47 - EventObject.NINE
03.12.2010 00:14:47 -    
03.12.2010 00:14:47 - EventObject.A
03.12.2010 00:14:47 -    
03.12.2010 00:14:47 - EventObject.B
03.12.2010 00:14:47 -    
03.12.2010 00:14:47 - EventObject.C
03.12.2010 00:14:47 -    
03.12.2010 00:14:47 - EventObject.D
03.12.2010 00:14:47 -    
03.12.2010 00:14:47 - EventObject.E
03.12.2010 00:14:47 -    
03.12.2010 00:14:47 - EventObject.F
03.12.2010 00:14:47 -    
03.12.2010 00:14:47 - EventObject.G
03.12.2010 00:14:47 -    
03.12.2010 00:14:47 - EventObject.H
03.12.2010 00:14:47 -    
03.12.2010 00:14:47 - EventObject.I
03.12.2010 00:14:47 -    
03.12.2010 00:14:47 - EventObject.J
03.12.2010 00:14:47 -    
03.12.2010 00:14:47 - EventObject.K
03.12.2010 00:14:47 -    
03.12.2010 00:14:47 - EventObject.L
03.12.2010 00:14:47 -    
03.12.2010 00:14:47 - EventObject.M
03.12.2010 00:14:47 -    
03.12.2010 00:14:47 - EventObject.N
03.12.2010 00:14:47 -    
03.12.2010 00:14:47 - EventObject.O
03.12.2010 00:14:47 -    
03.12.2010 00:14:47 - EventObject.P
03.12.2010 00:14:47 -    
03.12.2010 00:14:47 - EventObject.Q
03.12.2010 00:14:47 -    
03.12.2010 00:14:47 - EventObject.R
03.12.2010 00:14:47 -    
03.12.2010 00:14:47 - EventObject.S
03.12.2010 00:14:47 -    
03.12.2010 00:14:47 - EventObject.T
03.12.2010 00:14:47 -    
03.12.2010 00:14:47 - EventObject.U
03.12.2010 00:14:47 -    
03.12.2010 00:14:47 - EventObject.V
03.12.2010 00:14:47 -    
03.12.2010 00:14:47 - EventObject.W
03.12.2010 00:14:47 -    
03.12.2010 00:14:47 - EventObject.X
03.12.2010 00:14:47 -    
03.12.2010 00:14:47 - EventObject.Y
03.12.2010 00:14:47 -    
03.12.2010 00:14:47 - EventObject.Z
03.12.2010 00:14:47 -    
03.12.2010 00:14:47 - EventObject.CONTEXT_MENU
03.12.2010 00:14:47 -    
03.12.2010 00:14:47 - EventObject.NUM_ZERO
03.12.2010 00:14:47 -    
03.12.2010 00:14:47 - EventObject.NUM_ONE
03.12.2010 00:14:47 -    
03.12.2010 00:14:47 - EventObject.NUM_TWO
03.12.2010 00:14:47 -    
03.12.2010 00:14:47 - EventObject.NUM_THREE
03.12.2010 00:14:47 -    
03.12.2010 00:14:47 - EventObject.NUM_FOUR
03.12.2010 00:14:47 -    
03.12.2010 00:14:47 - EventObject.NUM_FIVE
03.12.2010 00:14:47 -    
03.12.2010 00:14:47 - EventObject.NUM_SIX
03.12.2010 00:14:47 -    
03.12.2010 00:14:47 - EventObject.NUM_SEVEN
03.12.2010 00:14:47 -    
03.12.2010 00:14:47 - EventObject.NUM_EIGHT
03.12.2010 00:14:47 -    
03.12.2010 00:14:47 - EventObject.NUM_NINE
03.12.2010 00:14:47 -    
03.12.2010 00:14:47 - EventObject.NUM_MULTIPLY
03.12.2010 00:14:47 -    
03.12.2010 00:14:47 - EventObject.NUM_PLUS
03.12.2010 00:14:47 -    
03.12.2010 00:14:47 - EventObject.NUM_MINUS
03.12.2010 00:14:47 -    
03.12.2010 00:14:47 - EventObject.NUM_PERIOD
03.12.2010 00:14:47 -    
03.12.2010 00:14:47 - EventObject.NUM_DIVISION
03.12.2010 00:14:47 -    
03.12.2010 00:14:47 - EventObject.F1
03.12.2010 00:14:47 -    
03.12.2010 00:14:47 - EventObject.F2
03.12.2010 00:14:47 -    
03.12.2010 00:14:47 - EventObject.F3
03.12.2010 00:14:47 -    
03.12.2010 00:14:47 - EventObject.F4
03.12.2010 00:14:47 -    
03.12.2010 00:14:47 - EventObject.F5
03.12.2010 00:14:47 -    
03.12.2010 00:14:47 - EventObject.F6
03.12.2010 00:14:47 -    
03.12.2010 00:14:47 - EventObject.F7
03.12.2010 00:14:47 -    
03.12.2010 00:14:47 - EventObject.F8
03.12.2010 00:14:47 -    
03.12.2010 00:14:47 - EventObject.F9
03.12.2010 00:14:47 -    
03.12.2010 00:14:47 - EventObject.F10
03.12.2010 00:14:47 -    
03.12.2010 00:14:47 - EventObject.F11
03.12.2010 00:14:47 -    
03.12.2010 00:14:47 - EventObject.F12
03.12.2010 00:14:47 -    
03.12.2010 00:14:47 - EventObject.isNavKeyPress
03.12.2010 00:14:47 -    
03.12.2010 00:14:47 - EventObject.isSpecialKey
03.12.2010 00:14:47 -    
03.12.2010 00:14:47 - EventObject.getPoint
03.12.2010 00:14:47 -    
03.12.2010 00:14:47 - EventObject.hasModifier
03.12.2010 00:14:47 - Element
03.12.2010 00:14:47 -    
03.12.2010 00:14:47 - Element.addMethods
03.12.2010 00:14:47 -    
03.12.2010 00:14:47 - Element.get
03.12.2010 00:14:47 -    
03.12.2010 00:14:47 - Element.addToCache
03.12.2010 00:14:47 -    
03.12.2010 00:14:47 - Element.data
03.12.2010 00:14:47 -    
03.12.2010 00:14:47 - Element.collectorThreadId
03.12.2010 00:14:47 -    
03.12.2010 00:14:47 - Element.Flyweight
03.12.2010 00:14:47 -    
03.12.2010 00:14:47 - Element._flyweights
03.12.2010 00:14:47 -    
03.12.2010 00:14:47 - Element.fly
03.12.2010 00:14:47 -    
03.12.2010 00:14:47 - Element.boxMarkup
03.12.2010 00:14:47 - <div class='{0}-tl'><div class='{0}-tr'><div class='{0}-tc'></div></div></div><div class='{0}-ml'><div class='{0}-mr'><div class='{0}-mc'></div></div></div><div class='{0}-bl'><div class='{0}-br'><div class='{0}-bc'></div></div></div>
03.12.2010 00:14:47 -    
03.12.2010 00:14:47 - Element.VISIBILITY
03.12.2010 00:14:47 -    
03.12.2010 00:14:47 - Element.DISPLAY
03.12.2010 00:14:47 -    
03.12.2010 00:14:47 - Element.selectorFunction
03.12.2010 00:14:47 -    
03.12.2010 00:14:47 - Element.select
03.12.2010 00:14:47 -    
03.12.2010 00:14:47 - Element.createInterceptor
03.12.2010 00:14:47 -    
03.12.2010 00:14:47 - Element.createCallback
03.12.2010 00:14:47 -    
03.12.2010 00:14:47 - Element.createDelegate
03.12.2010 00:14:47 -    
03.12.2010 00:14:47 - Element.defer
03.12.2010 00:14:47 -    
03.12.2010 00:14:47 - Element.createSequence
03.12.2010 00:14:47 - get
03.12.2010 00:14:47 -    
03.12.2010 00:14:47 - get.createInterceptor
03.12.2010 00:14:47 -    
03.12.2010 00:14:47 - get.createCallback
03.12.2010 00:14:47 -    
03.12.2010 00:14:47 - get.createDelegate
03.12.2010 00:14:47 -    
03.12.2010 00:14:47 - get.defer
03.12.2010 00:14:47 -    
03.12.2010 00:14:47 - get.createSequence
03.12.2010 00:14:47 - fly
03.12.2010 00:14:47 -    
03.12.2010 00:14:47 - fly.createInterceptor
03.12.2010 00:14:47 -    
03.12.2010 00:14:47 - fly.createCallback
03.12.2010 00:14:47 -    
03.12.2010 00:14:47 - fly.createDelegate
03.12.2010 00:14:47 -    
03.12.2010 00:14:47 - fly.defer
03.12.2010 00:14:47 -    
03.12.2010 00:14:47 - fly.createSequence
03.12.2010 00:14:47 - enableFx
03.12.2010 00:14:47 - Fx
03.12.2010 00:14:47 -    
03.12.2010 00:14:47 - Fx.switchStatements
03.12.2010 00:14:47 -    
03.12.2010 00:14:47 - Fx.slideIn
03.12.2010 00:14:47 -    
03.12.2010 00:14:47 - Fx.slideOut
03.12.2010 00:14:47 -    
03.12.2010 00:14:47 - Fx.puff
03.12.2010 00:14:47 -    
03.12.2010 00:14:47 - Fx.switchOff
03.12.2010 00:14:47 -    
03.12.2010 00:14:47 - Fx.highlight
03.12.2010 00:14:47 -    
03.12.2010 00:14:47 - Fx.frame
03.12.2010 00:14:47 -    
03.12.2010 00:14:47 - Fx.pause
03.12.2010 00:14:47 -    
03.12.2010 00:14:47 - Fx.fadeIn
03.12.2010 00:14:47 -    
03.12.2010 00:14:47 - Fx.fadeOut
03.12.2010 00:14:47 -    
03.12.2010 00:14:47 - Fx.scale
03.12.2010 00:14:47 -    
03.12.2010 00:14:47 - Fx.shift
03.12.2010 00:14:47 -    
03.12.2010 00:14:47 - Fx.ghost
03.12.2010 00:14:47 -    
03.12.2010 00:14:47 - Fx.syncFx
03.12.2010 00:14:47 -    
03.12.2010 00:14:47 - Fx.sequenceFx
03.12.2010 00:14:47 -    
03.12.2010 00:14:47 - Fx.nextFx
03.12.2010 00:14:47 -    
03.12.2010 00:14:47 - Fx.hasActiveFx
03.12.2010 00:14:47 -    
03.12.2010 00:14:47 - Fx.stopFx
03.12.2010 00:14:47 -    
03.12.2010 00:14:47 - Fx.beforeFx
03.12.2010 00:14:47 -    
03.12.2010 00:14:47 - Fx.hasFxBlock
03.12.2010 00:14:47 -    
03.12.2010 00:14:47 - Fx.queueFx
03.12.2010 00:14:47 -    
03.12.2010 00:14:47 - Fx.fxWrap
03.12.2010 00:14:47 -    
03.12.2010 00:14:47 - Fx.fxUnwrap
03.12.2010 00:14:47 -    
03.12.2010 00:14:47 - Fx.getFxRestore
03.12.2010 00:14:47 -    
03.12.2010 00:14:47 - Fx.afterFx
03.12.2010 00:14:47 -    
03.12.2010 00:14:47 - Fx.fxanim
03.12.2010 00:14:47 -    
03.12.2010 00:14:47 - Fx.resize
03.12.2010 00:14:47 - CompositeElementLite
03.12.2010 00:14:47 -    
03.12.2010 00:14:47 - CompositeElementLite.createInterceptor
03.12.2010 00:14:47 -    
03.12.2010 00:14:47 - CompositeElementLite.createCallback
03.12.2010 00:14:47 -    
03.12.2010 00:14:47 - CompositeElementLite.createDelegate
03.12.2010 00:14:47 -    
03.12.2010 00:14:47 - CompositeElementLite.defer
03.12.2010 00:14:47 -    
03.12.2010 00:14:47 - CompositeElementLite.createSequence
03.12.2010 00:14:47 - select
03.12.2010 00:14:47 -    
03.12.2010 00:14:47 - select.createInterceptor
03.12.2010 00:14:47 -    
03.12.2010 00:14:47 - select.createCallback
03.12.2010 00:14:47 -    
03.12.2010 00:14:47 - select.createDelegate
03.12.2010 00:14:47 -    
03.12.2010 00:14:47 - select.defer
03.12.2010 00:14:47 -    
03.12.2010 00:14:47 - select.createSequence
03.12.2010 00:14:47 - CompositeElement
03.12.2010 00:14:47 -    
03.12.2010 00:14:47 - CompositeElement.superclass
03.12.2010 00:14:47 -    
03.12.2010 00:14:47 - CompositeElement.override
03.12.2010 00:14:47 -    
03.12.2010 00:14:47 - CompositeElement.extend
03.12.2010 00:14:47 -    
03.12.2010 00:14:47 - CompositeElement.createInterceptor
03.12.2010 00:14:47 -    
03.12.2010 00:14:47 - CompositeElement.createCallback
03.12.2010 00:14:47 -    
03.12.2010 00:14:47 - CompositeElement.createDelegate
03.12.2010 00:14:47 -    
03.12.2010 00:14:47 - CompositeElement.defer
03.12.2010 00:14:47 -    
03.12.2010 00:14:47 - CompositeElement.createSequence
03.12.2010 00:14:47 - Ajax
03.12.2010 00:14:47 -    
03.12.2010 00:14:47 - Ajax.autoAbort
03.12.2010 00:14:47 -    
03.12.2010 00:14:47 - Ajax.serializeForm
03.12.2010 00:14:47 -    
03.12.2010 00:14:47 - Ajax.events
03.12.2010 00:14:47 -    
03.12.2010 00:14:47 - Ajax.constructor
03.12.2010 00:14:47 -    
03.12.2010 00:14:47 - Ajax.supr
03.12.2010 00:14:47 -    
03.12.2010 00:14:47 - Ajax.superclass
03.12.2010 00:14:47 -    
03.12.2010 00:14:47 - Ajax.override
03.12.2010 00:14:47 -    
03.12.2010 00:14:47 - Ajax.timeout
03.12.2010 00:14:47 -    
03.12.2010 00:14:47 - Ajax.disableCaching
03.12.2010 00:14:47 -    
03.12.2010 00:14:47 - Ajax.disableCachingParam
03.12.2010 00:14:47 - _dc
03.12.2010 00:14:47 -    
03.12.2010 00:14:47 - Ajax.request
03.12.2010 00:14:47 -    
03.12.2010 00:14:47 - Ajax.isLoading
03.12.2010 00:14:47 -    
03.12.2010 00:14:47 - Ajax.abort
03.12.2010 00:14:47 -    
03.12.2010 00:14:47 - Ajax.handleResponse
03.12.2010 00:14:47 -    
03.12.2010 00:14:47 - Ajax.handleFailure
03.12.2010 00:14:47 -    
03.12.2010 00:14:47 - Ajax.doFormUpload
03.12.2010 00:14:47 -    
03.12.2010 00:14:47 - Ajax.filterOptRe
03.12.2010 00:14:47 -    
03.12.2010 00:14:47 - Ajax.fireEvent
03.12.2010 00:14:47 -    
03.12.2010 00:14:47 - Ajax.addListener
03.12.2010 00:14:47 -    
03.12.2010 00:14:47 - Ajax.removeListener
03.12.2010 00:14:47 -    
03.12.2010 00:14:47 - Ajax.purgeListeners
03.12.2010 00:14:47 -    
03.12.2010 00:14:47 - Ajax.addEvents
03.12.2010 00:14:47 -    
03.12.2010 00:14:47 - Ajax.hasListener
03.12.2010 00:14:47 -    
03.12.2010 00:14:47 - Ajax.suspendEvents
03.12.2010 00:14:47 -    
03.12.2010 00:14:47 - Ajax.resumeEvents
03.12.2010 00:14:47 -    
03.12.2010 00:14:47 - Ajax.on
03.12.2010 00:14:47 -    
03.12.2010 00:14:47 - Ajax.un
03.12.2010 00:14:47 -    
03.12.2010 00:14:47 - Ajax.beforeMethod
03.12.2010 00:14:47 -    
03.12.2010 00:14:47 - Ajax.afterMethod
03.12.2010 00:14:47 -    
03.12.2010 00:14:47 - Ajax.removeMethodListener
03.12.2010 00:14:47 -    
03.12.2010 00:14:47 - Ajax.relayEvents
03.12.2010 00:14:47 -    
03.12.2010 00:14:47 - Ajax.enableBubble
03.12.2010 00:14:47 - Updater
03.12.2010 00:14:47 -    
03.12.2010 00:14:47 - Updater.superclass
03.12.2010 00:14:47 -    
03.12.2010 00:14:47 - Updater.override
03.12.2010 00:14:47 -    
03.12.2010 00:14:47 - Updater.extend
03.12.2010 00:14:47 -    
03.12.2010 00:14:47 - Updater.defaults
03.12.2010 00:14:47 -    
03.12.2010 00:14:47 - Updater.updateElement
03.12.2010 00:14:47 -    
03.12.2010 00:14:47 - Updater.BasicRenderer
03.12.2010 00:14:47 -    
03.12.2010 00:14:47 - Updater.createInterceptor
03.12.2010 00:14:47 -    
03.12.2010 00:14:47 - Updater.createCallback
03.12.2010 00:14:47 -    
03.12.2010 00:14:47 - Updater.createDelegate
03.12.2010 00:14:47 -    
03.12.2010 00:14:47 - Updater.defer
03.12.2010 00:14:47 -    
03.12.2010 00:14:47 - Updater.createSequence
03.12.2010 00:14:47 - UpdateManager
03.12.2010 00:14:47 -    
03.12.2010 00:14:47 - UpdateManager.superclass
03.12.2010 00:14:47 -    
03.12.2010 00:14:47 - UpdateManager.override
03.12.2010 00:14:47 -    
03.12.2010 00:14:47 - UpdateManager.extend
03.12.2010 00:14:47 -    
03.12.2010 00:14:47 - UpdateManager.defaults
03.12.2010 00:14:47 -    
03.12.2010 00:14:47 - UpdateManager.updateElement
03.12.2010 00:14:47 -    
03.12.2010 00:14:47 - UpdateManager.BasicRenderer
03.12.2010 00:14:47 -    
03.12.2010 00:14:47 - UpdateManager.createInterceptor
03.12.2010 00:14:47 -    
03.12.2010 00:14:47 - UpdateManager.createCallback
03.12.2010 00:14:47 -    
03.12.2010 00:14:47 - UpdateManager.createDelegate
03.12.2010 00:14:47 -    
03.12.2010 00:14:47 - UpdateManager.defer
03.12.2010 00:14:47 -    
03.12.2010 00:14:47 - UpdateManager.createSequence
03.12.2010 00:14:47 - encode
03.12.2010 00:14:47 -    
03.12.2010 00:14:47 - encode.createInterceptor
03.12.2010 00:14:47 -    
03.12.2010 00:14:47 - encode.createCallback
03.12.2010 00:14:47 -    
03.12.2010 00:14:47 - encode.createDelegate
03.12.2010 00:14:47 -    
03.12.2010 00:14:47 - encode.defer
03.12.2010 00:14:47 -    
03.12.2010 00:14:47 - encode.createSequence
03.12.2010 00:14:47 - decode
03.12.2010 00:14:47 -    
03.12.2010 00:14:47 - decode.createInterceptor
03.12.2010 00:14:47 -    
03.12.2010 00:14:47 - decode.createCallback
03.12.2010 00:14:47 -    
03.12.2010 00:14:47 - decode.createDelegate
03.12.2010 00:14:47 -    
03.12.2010 00:14:47 - decode.defer
03.12.2010 00:14:47 -    
03.12.2010 00:14:47 - decode.createSequence
03.12.2010 00:14:47 - XTemplate
03.12.2010 00:14:47 -    
03.12.2010 00:14:47 - XTemplate.superclass
03.12.2010 00:14:47 -    
03.12.2010 00:14:47 - XTemplate.override
03.12.2010 00:14:47 -    
03.12.2010 00:14:47 - XTemplate.extend
03.12.2010 00:14:47 -    
03.12.2010 00:14:47 - XTemplate.from
03.12.2010 00:14:47 -    
03.12.2010 00:14:47 - XTemplate.createInterceptor
03.12.2010 00:14:47 -    
03.12.2010 00:14:47 - XTemplate.createCallback
03.12.2010 00:14:47 -    
03.12.2010 00:14:47 - XTemplate.createDelegate
03.12.2010 00:14:47 -    
03.12.2010 00:14:47 - XTemplate.defer
03.12.2010 00:14:47 -    
03.12.2010 00:14:47 - XTemplate.createSequence
03.12.2010 00:14:47 - KeyNav
03.12.2010 00:14:47 -    
03.12.2010 00:14:47 - KeyNav.createInterceptor
03.12.2010 00:14:47 -    
03.12.2010 00:14:47 - KeyNav.createCallback
03.12.2010 00:14:47 -    
03.12.2010 00:14:47 - KeyNav.createDelegate
03.12.2010 00:14:47 -    
03.12.2010 00:14:47 - KeyNav.defer
03.12.2010 00:14:47 -    
03.12.2010 00:14:47 - KeyNav.createSequence
03.12.2010 00:14:47 - KeyMap
03.12.2010 00:14:47 -    
03.12.2010 00:14:47 - KeyMap.createInterceptor
03.12.2010 00:14:47 -    
03.12.2010 00:14:47 - KeyMap.createCallback
03.12.2010 00:14:47 -    
03.12.2010 00:14:47 - KeyMap.createDelegate
03.12.2010 00:14:47 -    
03.12.2010 00:14:47 - KeyMap.defer
03.12.2010 00:14:47 -    
03.12.2010 00:14:47 - KeyMap.createSequence
03.12.2010 00:14:47 - handleError
03.12.2010 00:14:47 -    
03.12.2010 00:14:47 - handleError.createInterceptor
03.12.2010 00:14:47 -    
03.12.2010 00:14:47 - handleError.createCallback
03.12.2010 00:14:47 -    
03.12.2010 00:14:47 - handleError.createDelegate
03.12.2010 00:14:47 -    
03.12.2010 00:14:47 - handleError.defer
03.12.2010 00:14:47 -    
03.12.2010 00:14:47 - handleError.createSequence
03.12.2010 00:14:47 - Error
03.12.2010 00:14:47 -    
03.12.2010 00:14:47 - Error.createInterceptor
03.12.2010 00:14:47 -    
03.12.2010 00:14:47 - Error.createCallback
03.12.2010 00:14:47 -    
03.12.2010 00:14:47 - Error.createDelegate
03.12.2010 00:14:47 -    
03.12.2010 00:14:47 - Error.defer
03.12.2010 00:14:47 -    
03.12.2010 00:14:47 - Error.createSequence
03.12.2010 00:14:47 - ComponentMgr
03.12.2010 00:14:47 -    
03.12.2010 00:14:47 - ComponentMgr.register
03.12.2010 00:14:47 -    
03.12.2010 00:14:47 - ComponentMgr.unregister
03.12.2010 00:14:47 -    
03.12.2010 00:14:47 - ComponentMgr.get
03.12.2010 00:14:47 -    
03.12.2010 00:14:47 - ComponentMgr.onAvailable
03.12.2010 00:14:47 -    
03.12.2010 00:14:47 - ComponentMgr.all
03.12.2010 00:14:47 -    
03.12.2010 00:14:47 - ComponentMgr.types
03.12.2010 00:14:47 -    
03.12.2010 00:14:47 - ComponentMgr.ptypes
03.12.2010 00:14:47 -    
03.12.2010 00:14:47 - ComponentMgr.isRegistered
03.12.2010 00:14:47 -    
03.12.2010 00:14:47 - ComponentMgr.isPluginRegistered
03.12.2010 00:14:47 -    
03.12.2010 00:14:47 - ComponentMgr.registerType
03.12.2010 00:14:47 -    
03.12.2010 00:14:47 - ComponentMgr.create
03.12.2010 00:14:47 -    
03.12.2010 00:14:47 - ComponentMgr.registerPlugin
03.12.2010 00:14:47 -    
03.12.2010 00:14:47 - ComponentMgr.createPlugin
03.12.2010 00:14:47 - reg
03.12.2010 00:14:47 -    
03.12.2010 00:14:47 - reg.createInterceptor
03.12.2010 00:14:47 -    
03.12.2010 00:14:47 - reg.createCallback
03.12.2010 00:14:47 -    
03.12.2010 00:14:47 - reg.createDelegate
03.12.2010 00:14:47 -    
03.12.2010 00:14:47 - reg.defer
03.12.2010 00:14:47 -    
03.12.2010 00:14:47 - reg.createSequence
03.12.2010 00:14:47 - preg
03.12.2010 00:14:47 -    
03.12.2010 00:14:47 - preg.createInterceptor
03.12.2010 00:14:47 -    
03.12.2010 00:14:47 - preg.createCallback
03.12.2010 00:14:47 -    
03.12.2010 00:14:47 - preg.createDelegate
03.12.2010 00:14:47 -    
03.12.2010 00:14:47 - preg.defer
03.12.2010 00:14:47 -    
03.12.2010 00:14:47 - preg.createSequence
03.12.2010 00:14:47 - create
03.12.2010 00:14:47 -    
03.12.2010 00:14:47 - create.createInterceptor
03.12.2010 00:14:47 -    
03.12.2010 00:14:47 - create.createCallback
03.12.2010 00:14:47 -    
03.12.2010 00:14:47 - create.createDelegate
03.12.2010 00:14:47 -    
03.12.2010 00:14:47 - create.defer
03.12.2010 00:14:47 -    
03.12.2010 00:14:47 - create.createSequence
03.12.2010 00:14:47 - Component
03.12.2010 00:14:47 -    
03.12.2010 00:14:47 - Component.AUTO_ID
03.12.2010 00:14:47 -    
03.12.2010 00:14:47 - Component.superclass
03.12.2010 00:14:47 -    
03.12.2010 00:14:47 - Component.override
03.12.2010 00:14:47 -    
03.12.2010 00:14:47 - Component.extend
03.12.2010 00:14:47 -    
03.12.2010 00:14:47 - Component.xtype
03.12.2010 00:14:47 - component
03.12.2010 00:14:47 -    
03.12.2010 00:14:47 - Component.createInterceptor
03.12.2010 00:14:47 -    
03.12.2010 00:14:47 - Component.createCallback
03.12.2010 00:14:47 -    
03.12.2010 00:14:47 - Component.createDelegate
03.12.2010 00:14:47 -    
03.12.2010 00:14:47 - Component.defer
03.12.2010 00:14:47 -    
03.12.2010 00:14:47 - Component.createSequence
03.12.2010 00:14:47 - Action
03.12.2010 00:14:47 -    
03.12.2010 00:14:47 - Action.superclass
03.12.2010 00:14:47 -    
03.12.2010 00:14:47 - Action.override
03.12.2010 00:14:47 -    
03.12.2010 00:14:47 - Action.extend
03.12.2010 00:14:47 -    
03.12.2010 00:14:47 - Action.createInterceptor
03.12.2010 00:14:47 -    
03.12.2010 00:14:47 - Action.createCallback
03.12.2010 00:14:47 -    
03.12.2010 00:14:47 - Action.createDelegate
03.12.2010 00:14:47 -    
03.12.2010 00:14:47 - Action.defer
03.12.2010 00:14:47 -    
03.12.2010 00:14:47 - Action.createSequence
03.12.2010 00:14:47 - Layer
03.12.2010 00:14:47 -    
03.12.2010 00:14:47 - Layer.superclass
03.12.2010 00:14:47 -    
03.12.2010 00:14:47 - Layer.override
03.12.2010 00:14:47 -    
03.12.2010 00:14:47 - Layer.extend
03.12.2010 00:14:47 -    
03.12.2010 00:14:47 - Layer.createInterceptor
03.12.2010 00:14:47 -    
03.12.2010 00:14:47 - Layer.createCallback
03.12.2010 00:14:47 -    
03.12.2010 00:14:47 - Layer.createDelegate
03.12.2010 00:14:47 -    
03.12.2010 00:14:47 - Layer.defer
03.12.2010 00:14:47 -    
03.12.2010 00:14:47 - Layer.createSequence
03.12.2010 00:14:47 - Shadow
03.12.2010 00:14:47 -    
03.12.2010 00:14:47 - Shadow.Pool
03.12.2010 00:14:47 -    
03.12.2010 00:14:47 - Shadow.createInterceptor
03.12.2010 00:14:47 -    
03.12.2010 00:14:47 - Shadow.createCallback
03.12.2010 00:14:47 -    
03.12.2010 00:14:47 - Shadow.createDelegate
03.12.2010 00:14:47 -    
03.12.2010 00:14:47 - Shadow.defer
03.12.2010 00:14:47 -    
03.12.2010 00:14:47 - Shadow.createSequence
03.12.2010 00:14:47 - BoxComponent
03.12.2010 00:14:47 -    
03.12.2010 00:14:47 - BoxComponent.superclass
03.12.2010 00:14:47 -    
03.12.2010 00:14:47 - BoxComponent.override
03.12.2010 00:14:47 -    
03.12.2010 00:14:47 - BoxComponent.extend
03.12.2010 00:14:47 -    
03.12.2010 00:14:47 - BoxComponent.xtype
03.12.2010 00:14:47 - box
03.12.2010 00:14:47 -    
03.12.2010 00:14:47 - BoxComponent.createInterceptor
03.12.2010 00:14:47 -    
03.12.2010 00:14:47 - BoxComponent.createCallback
03.12.2010 00:14:47 -    
03.12.2010 00:14:47 - BoxComponent.createDelegate
03.12.2010 00:14:47 -    
03.12.2010 00:14:47 - BoxComponent.defer
03.12.2010 00:14:47 -    
03.12.2010 00:14:47 - BoxComponent.createSequence
03.12.2010 00:14:47 - Spacer
03.12.2010 00:14:47 -    
03.12.2010 00:14:47 - Spacer.superclass
03.12.2010 00:14:47 -    
03.12.2010 00:14:47 - Spacer.override
03.12.2010 00:14:47 -    
03.12.2010 00:14:47 - Spacer.extend
03.12.2010 00:14:47 -    
03.12.2010 00:14:47 - Spacer.xtype
03.12.2010 00:14:47 - spacer
03.12.2010 00:14:47 -    
03.12.2010 00:14:47 - Spacer.createInterceptor
03.12.2010 00:14:47 -    
03.12.2010 00:14:47 - Spacer.createCallback
03.12.2010 00:14:47 -    
03.12.2010 00:14:47 - Spacer.createDelegate
03.12.2010 00:14:47 -    
03.12.2010 00:14:47 - Spacer.defer
03.12.2010 00:14:47 -    
03.12.2010 00:14:47 - Spacer.createSequence
03.12.2010 00:14:47 - SplitBar
03.12.2010 00:14:47 -    
03.12.2010 00:14:47 - SplitBar.superclass
03.12.2010 00:14:47 -    
03.12.2010 00:14:47 - SplitBar.override
03.12.2010 00:14:47 -    
03.12.2010 00:14:47 - SplitBar.extend
03.12.2010 00:14:47 -    
03.12.2010 00:14:47 - SplitBar.createProxy
03.12.2010 00:14:47 -    
03.12.2010 00:14:47 - SplitBar.BasicLayoutAdapter
03.12.2010 00:14:47 -    
03.12.2010 00:14:47 - SplitBar.AbsoluteLayoutAdapter
03.12.2010 00:14:47 -    
03.12.2010 00:14:47 - SplitBar.VERTICAL
03.12.2010 00:14:47 -    
03.12.2010 00:14:47 - SplitBar.HORIZONTAL
03.12.2010 00:14:47 -    
03.12.2010 00:14:47 - SplitBar.LEFT
03.12.2010 00:14:47 -    
03.12.2010 00:14:47 - SplitBar.RIGHT
03.12.2010 00:14:47 -    
03.12.2010 00:14:47 - SplitBar.TOP
03.12.2010 00:14:47 -    
03.12.2010 00:14:47 - SplitBar.BOTTOM
03.12.2010 00:14:47 -    
03.12.2010 00:14:47 - SplitBar.createInterceptor
03.12.2010 00:14:47 -    
03.12.2010 00:14:47 - SplitBar.createCallback
03.12.2010 00:14:47 -    
03.12.2010 00:14:47 - SplitBar.createDelegate
03.12.2010 00:14:47 -    
03.12.2010 00:14:47 - SplitBar.defer
03.12.2010 00:14:47 -    
03.12.2010 00:14:47 - SplitBar.createSequence
03.12.2010 00:14:47 - Container
03.12.2010 00:14:47 -    
03.12.2010 00:14:47 - Container.superclass
03.12.2010 00:14:47 -    
03.12.2010 00:14:47 - Container.override
03.12.2010 00:14:47 -    
03.12.2010 00:14:47 - Container.extend
03.12.2010 00:14:47 -    
03.12.2010 00:14:47 - Container.LAYOUTS
03.12.2010 00:14:47 -    
03.12.2010 00:14:47 - Container.xtype
03.12.2010 00:14:47 - container
03.12.2010 00:14:47 -    
03.12.2010 00:14:47 - Container.createInterceptor
03.12.2010 00:14:47 -    
03.12.2010 00:14:47 - Container.createCallback
03.12.2010 00:14:47 -    
03.12.2010 00:14:47 - Container.createDelegate
03.12.2010 00:14:47 -    
03.12.2010 00:14:47 - Container.defer
03.12.2010 00:14:47 -    
03.12.2010 00:14:47 - Container.createSequence
03.12.2010 00:14:47 - Viewport
03.12.2010 00:14:47 -    
03.12.2010 00:14:47 - Viewport.superclass
03.12.2010 00:14:47 -    
03.12.2010 00:14:47 - Viewport.override
03.12.2010 00:14:47 -    
03.12.2010 00:14:47 - Viewport.extend
03.12.2010 00:14:47 -    
03.12.2010 00:14:47 - Viewport.xtype
03.12.2010 00:14:47 - viewport
03.12.2010 00:14:47 -    
03.12.2010 00:14:47 - Viewport.createInterceptor
03.12.2010 00:14:47 -    
03.12.2010 00:14:47 - Viewport.createCallback
03.12.2010 00:14:47 -    
03.12.2010 00:14:47 - Viewport.createDelegate
03.12.2010 00:14:47 -    
03.12.2010 00:14:47 - Viewport.defer
03.12.2010 00:14:47 -    
03.12.2010 00:14:47 - Viewport.createSequence
03.12.2010 00:14:47 - Panel
03.12.2010 00:14:47 -    
03.12.2010 00:14:47 - Panel.superclass
03.12.2010 00:14:47 -    
03.12.2010 00:14:47 - Panel.override
03.12.2010 00:14:47 -    
03.12.2010 00:14:47 - Panel.extend
03.12.2010 00:14:47 -    
03.12.2010 00:14:47 - Panel.xtype
03.12.2010 00:14:47 - panel
03.12.2010 00:14:47 -    
03.12.2010 00:14:47 - Panel.DD
03.12.2010 00:14:47 -    
03.12.2010 00:14:47 - Panel.createInterceptor
03.12.2010 00:14:47 -    
03.12.2010 00:14:47 - Panel.createCallback
03.12.2010 00:14:47 -    
03.12.2010 00:14:47 - Panel.createDelegate
03.12.2010 00:14:47 -    
03.12.2010 00:14:47 - Panel.defer
03.12.2010 00:14:47 -    
03.12.2010 00:14:47 - Panel.createSequence
03.12.2010 00:14:47 - Editor
03.12.2010 00:14:47 -    
03.12.2010 00:14:47 - Editor.superclass
03.12.2010 00:14:47 -    
03.12.2010 00:14:47 - Editor.override
03.12.2010 00:14:47 -    
03.12.2010 00:14:47 - Editor.extend
03.12.2010 00:14:47 -    
03.12.2010 00:14:47 - Editor.xtype
03.12.2010 00:14:47 - editor
03.12.2010 00:14:47 -    
03.12.2010 00:14:47 - Editor.createInterceptor
03.12.2010 00:14:47 -    
03.12.2010 00:14:47 - Editor.createCallback
03.12.2010 00:14:47 -    
03.12.2010 00:14:47 - Editor.createDelegate
03.12.2010 00:14:47 -    
03.12.2010 00:14:47 - Editor.defer
03.12.2010 00:14:47 -    
03.12.2010 00:14:47 - Editor.createSequence
03.12.2010 00:14:47 - ColorPalette
03.12.2010 00:14:47 -    
03.12.2010 00:14:47 - ColorPalette.superclass
03.12.2010 00:14:47 -    
03.12.2010 00:14:47 - ColorPalette.override
03.12.2010 00:14:47 -    
03.12.2010 00:14:47 - ColorPalette.extend
03.12.2010 00:14:47 -    
03.12.2010 00:14:47 - ColorPalette.xtype
03.12.2010 00:14:47 - colorpalette
03.12.2010 00:14:47 -    
03.12.2010 00:14:47 - ColorPalette.createInterceptor
03.12.2010 00:14:47 -    
03.12.2010 00:14:47 - ColorPalette.createCallback
03.12.2010 00:14:47 -    
03.12.2010 00:14:47 - ColorPalette.createDelegate
03.12.2010 00:14:47 -    
03.12.2010 00:14:47 - ColorPalette.defer
03.12.2010 00:14:47 -    
03.12.2010 00:14:47 - ColorPalette.createSequence
03.12.2010 00:14:47 - DatePicker
03.12.2010 00:14:47 -    
03.12.2010 00:14:47 - DatePicker.superclass
03.12.2010 00:14:47 -    
03.12.2010 00:14:47 - DatePicker.override
03.12.2010 00:14:47 -    
03.12.2010 00:14:47 - DatePicker.extend
03.12.2010 00:14:47 -    
03.12.2010 00:14:47 - DatePicker.xtype
03.12.2010 00:14:47 - datepicker
03.12.2010 00:14:47 -    
03.12.2010 00:14:47 - DatePicker.createInterceptor
03.12.2010 00:14:47 -    
03.12.2010 00:14:47 - DatePicker.createCallback
03.12.2010 00:14:47 -    
03.12.2010 00:14:47 - DatePicker.createDelegate
03.12.2010 00:14:47 -    
03.12.2010 00:14:47 - DatePicker.defer
03.12.2010 00:14:47 -    
03.12.2010 00:14:47 - DatePicker.createSequence
03.12.2010 00:14:47 - LoadMask
03.12.2010 00:14:47 -    
03.12.2010 00:14:47 - LoadMask.createInterceptor
03.12.2010 00:14:47 -    
03.12.2010 00:14:47 - LoadMask.createCallback
03.12.2010 00:14:47 -    
03.12.2010 00:14:47 - LoadMask.createDelegate
03.12.2010 00:14:47 -    
03.12.2010 00:14:47 - LoadMask.defer
03.12.2010 00:14:47 -    
03.12.2010 00:14:47 - LoadMask.createSequence
03.12.2010 00:14:47 - slider
03.12.2010 00:14:47 -    
03.12.2010 00:14:47 - slider.Thumb
03.12.2010 00:14:47 -    
03.12.2010 00:14:47 - slider.MultiSlider
03.12.2010 00:14:47 -    
03.12.2010 00:14:47 - slider.SingleSlider
03.12.2010 00:14:47 -    
03.12.2010 00:14:47 - slider.Vertical
03.12.2010 00:14:47 -    
03.12.2010 00:14:47 - slider.Tip
03.12.2010 00:14:47 - Slider
03.12.2010 00:14:47 -    
03.12.2010 00:14:47 - Slider.superclass
03.12.2010 00:14:47 -    
03.12.2010 00:14:47 - Slider.override
03.12.2010 00:14:47 -    
03.12.2010 00:14:47 - Slider.extend
03.12.2010 00:14:47 -    
03.12.2010 00:14:47 - Slider.xtype
03.12.2010 00:14:47 - slider
03.12.2010 00:14:47 -    
03.12.2010 00:14:47 - Slider.createInterceptor
03.12.2010 00:14:47 -    
03.12.2010 00:14:47 - Slider.createCallback
03.12.2010 00:14:47 -    
03.12.2010 00:14:47 - Slider.createDelegate
03.12.2010 00:14:47 -    
03.12.2010 00:14:47 - Slider.defer
03.12.2010 00:14:47 -    
03.12.2010 00:14:47 - Slider.createSequence
03.12.2010 00:14:47 - ProgressBar
03.12.2010 00:14:47 -    
03.12.2010 00:14:47 - ProgressBar.superclass
03.12.2010 00:14:47 -    
03.12.2010 00:14:47 - ProgressBar.override
03.12.2010 00:14:47 -    
03.12.2010 00:14:47 - ProgressBar.extend
03.12.2010 00:14:47 -    
03.12.2010 00:14:47 - ProgressBar.xtype
03.12.2010 00:14:47 - progress
03.12.2010 00:14:47 -    
03.12.2010 00:14:47 - ProgressBar.createInterceptor
03.12.2010 00:14:47 -    
03.12.2010 00:14:47 - ProgressBar.createCallback
03.12.2010 00:14:47 -    
03.12.2010 00:14:47 - ProgressBar.createDelegate
03.12.2010 00:14:47 -    
03.12.2010 00:14:47 - ProgressBar.defer
03.12.2010 00:14:47 -    
03.12.2010 00:14:47 - ProgressBar.createSequence
03.12.2010 00:14:47 - StoreMgr
03.12.2010 00:14:47 -    
03.12.2010 00:14:47 - StoreMgr.items
03.12.2010 00:14:47 -    
03.12.2010 00:14:47 - StoreMgr.map
03.12.2010 00:14:47 -    
03.12.2010 00:14:47 - StoreMgr.keys
03.12.2010 00:14:47 -    
03.12.2010 00:14:47 - StoreMgr.length
03.12.2010 00:14:47 -    
03.12.2010 00:14:47 - StoreMgr.events
03.12.2010 00:14:47 -    
03.12.2010 00:14:47 - StoreMgr.allowFunctions
03.12.2010 00:14:47 -    
03.12.2010 00:14:47 - StoreMgr.register
03.12.2010 00:14:47 -    
03.12.2010 00:14:47 - StoreMgr.unregister
03.12.2010 00:14:47 -    
03.12.2010 00:14:47 - StoreMgr.lookup
03.12.2010 00:14:47 -    
03.12.2010 00:14:47 - StoreMgr.getKey
03.12.2010 00:14:47 -    
03.12.2010 00:14:47 - StoreMgr.constructor
03.12.2010 00:14:47 -    
03.12.2010 00:14:47 - StoreMgr.supr
03.12.2010 00:14:47 -    
03.12.2010 00:14:47 - StoreMgr.superclass
03.12.2010 00:14:47 -    
03.12.2010 00:14:47 - StoreMgr.override
03.12.2010 00:14:47 -    
03.12.2010 00:14:47 - StoreMgr.add
03.12.2010 00:14:47 -    
03.12.2010 00:14:47 - StoreMgr.replace
03.12.2010 00:14:47 -    
03.12.2010 00:14:47 - StoreMgr.addAll
03.12.2010 00:14:47 -    
03.12.2010 00:14:47 - StoreMgr.each
03.12.2010 00:14:47 -    
03.12.2010 00:14:47 - StoreMgr.eachKey
03.12.2010 00:14:47 -    
03.12.2010 00:14:47 - StoreMgr.find
03.12.2010 00:14:47 -    
03.12.2010 00:14:47 - StoreMgr.insert
03.12.2010 00:14:47 -    
03.12.2010 00:14:47 - StoreMgr.remove
03.12.2010 00:14:47 -    
03.12.2010 00:14:47 - StoreMgr.removeAt
03.12.2010 00:14:47 -    
03.12.2010 00:14:47 - StoreMgr.removeKey
03.12.2010 00:14:47 -    
03.12.2010 00:14:47 - StoreMgr.getCount
03.12.2010 00:14:47 -    
03.12.2010 00:14:47 - StoreMgr.indexOf
03.12.2010 00:14:47 -    
03.12.2010 00:14:47 - StoreMgr.indexOfKey
03.12.2010 00:14:47 -    
03.12.2010 00:14:47 - StoreMgr.item
03.12.2010 00:14:47 -    
03.12.2010 00:14:47 - StoreMgr.itemAt
03.12.2010 00:14:47 -    
03.12.2010 00:14:47 - StoreMgr.key
03.12.2010 00:14:47 -    
03.12.2010 00:14:47 - StoreMgr.contains
03.12.2010 00:14:47 -    
03.12.2010 00:14:47 - StoreMgr.containsKey
03.12.2010 00:14:47 -    
03.12.2010 00:14:47 - StoreMgr.clear
03.12.2010 00:14:47 -    
03.12.2010 00:14:47 - StoreMgr.first
03.12.2010 00:14:47 -    
03.12.2010 00:14:47 - StoreMgr.last
03.12.2010 00:14:47 -    
03.12.2010 00:14:47 - StoreMgr._sort
03.12.2010 00:14:47 -    
03.12.2010 00:14:47 - StoreMgr.sort
03.12.2010 00:14:47 -    
03.12.2010 00:14:47 - StoreMgr.reorder
03.12.2010 00:14:47 -    
03.12.2010 00:14:47 - StoreMgr.keySort
03.12.2010 00:14:47 -    
03.12.2010 00:14:47 - StoreMgr.getRange
03.12.2010 00:14:47 -    
03.12.2010 00:14:47 - StoreMgr.filter
03.12.2010 00:14:47 -    
03.12.2010 00:14:47 - StoreMgr.filterBy
03.12.2010 00:14:47 -    
03.12.2010 00:14:47 - StoreMgr.findIndex
03.12.2010 00:14:47 -    
03.12.2010 00:14:47 - StoreMgr.findIndexBy
03.12.2010 00:14:47 -    
03.12.2010 00:14:47 - StoreMgr.createValueMatcher
03.12.2010 00:14:47 -    
03.12.2010 00:14:47 - StoreMgr.clone
03.12.2010 00:14:47 -    
03.12.2010 00:14:47 - StoreMgr.get
03.12.2010 00:14:47 -    
03.12.2010 00:14:47 - StoreMgr.filterOptRe
03.12.2010 00:14:47 -    
03.12.2010 00:14:47 - StoreMgr.fireEvent
03.12.2010 00:14:47 -    
03.12.2010 00:14:47 - StoreMgr.addListener
03.12.2010 00:14:47 -    
03.12.2010 00:14:47 - StoreMgr.removeListener
03.12.2010 00:14:47 -    
03.12.2010 00:14:47 - StoreMgr.purgeListeners
03.12.2010 00:14:47 -    
03.12.2010 00:14:47 - StoreMgr.addEvents
03.12.2010 00:14:47 -    
03.12.2010 00:14:47 - StoreMgr.hasListener
03.12.2010 00:14:47 -    
03.12.2010 00:14:47 - StoreMgr.suspendEvents
03.12.2010 00:14:47 -    
03.12.2010 00:14:47 - StoreMgr.resumeEvents
03.12.2010 00:14:47 -    
03.12.2010 00:14:47 - StoreMgr.on
03.12.2010 00:14:47 -    
03.12.2010 00:14:47 - StoreMgr.un
03.12.2010 00:14:47 -    
03.12.2010 00:14:47 - StoreMgr.beforeMethod
03.12.2010 00:14:47 -    
03.12.2010 00:14:47 - StoreMgr.afterMethod
03.12.2010 00:14:47 -    
03.12.2010 00:14:47 - StoreMgr.removeMethodListener
03.12.2010 00:14:47 -    
03.12.2010 00:14:47 - StoreMgr.relayEvents
03.12.2010 00:14:47 -    
03.12.2010 00:14:47 - StoreMgr.enableBubble
03.12.2010 00:14:47 - Direct
03.12.2010 00:14:47 -    
03.12.2010 00:14:47 - Direct.events
03.12.2010 00:14:47 -    
03.12.2010 00:14:47 - Direct.transactions
03.12.2010 00:14:47 -    
03.12.2010 00:14:47 - Direct.providers
03.12.2010 00:14:47 -    
03.12.2010 00:14:47 - Direct.TID
03.12.2010 00:14:47 -    
03.12.2010 00:14:47 - Direct.PROVIDERS
03.12.2010 00:14:47 -    
03.12.2010 00:14:47 - Direct.Transaction
03.12.2010 00:14:47 -    
03.12.2010 00:14:47 - Direct.Event
03.12.2010 00:14:47 -    
03.12.2010 00:14:47 - Direct.RemotingEvent
03.12.2010 00:14:47 -    
03.12.2010 00:14:47 - Direct.ExceptionEvent
03.12.2010 00:14:47 -    
03.12.2010 00:14:47 - Direct.eventTypes
03.12.2010 00:14:47 -    
03.12.2010 00:14:47 - Direct.constructor
03.12.2010 00:14:47 -    
03.12.2010 00:14:47 - Direct.supr
03.12.2010 00:14:47 -    
03.12.2010 00:14:47 - Direct.superclass
03.12.2010 00:14:47 -    
03.12.2010 00:14:47 - Direct.override
03.12.2010 00:14:47 -    
03.12.2010 00:14:47 - Direct.exceptions
03.12.2010 00:14:47 -    
03.12.2010 00:14:47 - Direct.addProvider
03.12.2010 00:14:47 -    
03.12.2010 00:14:47 - Direct.getProvider
03.12.2010 00:14:47 -    
03.12.2010 00:14:47 - Direct.removeProvider
03.12.2010 00:14:47 -    
03.12.2010 00:14:47 - Direct.addTransaction
03.12.2010 00:14:47 -    
03.12.2010 00:14:47 - Direct.removeTransaction
03.12.2010 00:14:47 -    
03.12.2010 00:14:47 - Direct.getTransaction
03.12.2010 00:14:47 -    
03.12.2010 00:14:47 - Direct.onProviderData
03.12.2010 00:14:47 -    
03.12.2010 00:14:47 - Direct.createEvent
03.12.2010 00:14:47 -    
03.12.2010 00:14:47 - Direct.filterOptRe
03.12.2010 00:14:47 -    
03.12.2010 00:14:47 - Direct.fireEvent
03.12.2010 00:14:47 -    
03.12.2010 00:14:47 - Direct.addListener
03.12.2010 00:14:47 -    
03.12.2010 00:14:47 - Direct.removeListener
03.12.2010 00:14:47 -    
03.12.2010 00:14:47 - Direct.purgeListeners
03.12.2010 00:14:47 -    
03.12.2010 00:14:47 - Direct.addEvents
03.12.2010 00:14:47 -    
03.12.2010 00:14:47 - Direct.hasListener
03.12.2010 00:14:47 -    
03.12.2010 00:14:47 - Direct.suspendEvents
03.12.2010 00:14:47 -    
03.12.2010 00:14:47 - Direct.resumeEvents
03.12.2010 00:14:47 -    
03.12.2010 00:14:47 - Direct.on
03.12.2010 00:14:47 -    
03.12.2010 00:14:47 - Direct.un
03.12.2010 00:14:47 -    
03.12.2010 00:14:47 - Direct.beforeMethod
03.12.2010 00:14:47 -    
03.12.2010 00:14:47 - Direct.afterMethod
03.12.2010 00:14:47 -    
03.12.2010 00:14:47 - Direct.removeMethodListener
03.12.2010 00:14:47 -    
03.12.2010 00:14:47 - Direct.relayEvents
03.12.2010 00:14:47 -    
03.12.2010 00:14:47 - Direct.enableBubble
03.12.2010 00:14:47 - Resizable
03.12.2010 00:14:47 -    
03.12.2010 00:14:47 - Resizable.superclass
[...]
03.12.2010 00:14:47 -    
03.12.2010 00:14:47 - Resizable.createCallback
03.12.2010 00:14:47 -    
03.12.2010 00:14:47 - Resizable.createDelegate
03.12.2010 00:14:47 -    
03.12.2010 00:14:47 - Resizable.defer
03.12.2010 00:14:47 -    
03.12.2010 00:14:47 - Resizable.createSequence
03.12.2010 00:14:47 - Window
03.12.2010 00:14:47 -    
03.12.2010 00:14:47 - Window.superclass
03.12.2010 00:14:47 -    
03.12.2010 00:14:47 - Window.override
03.12.2010 00:14:47 -    
03.12.2010 00:14:47 - Window.extend
03.12.2010 00:14:47 -    
03.12.2010 00:14:47 - Window.xtype
03.12.2010 00:14:47 - window
03.12.2010 00:14:47 -    
03.12.2010 00:14:47 - Window.DD
03.12.2010 00:14:47 -    
03.12.2010 00:14:47 - Window.createInterceptor
03.12.2010 00:14:47 -    
03.12.2010 00:14:47 - Window.createCallback
03.12.2010 00:14:47 -    
03.12.2010 00:14:47 - Window.createDelegate
03.12.2010 00:14:47 -    
03.12.2010 00:14:47 - Window.defer
03.12.2010 00:14:47 -    
03.12.2010 00:14:47 - Window.createSequence
03.12.2010 00:14:47 - WindowGroup
03.12.2010 00:14:47 -    
03.12.2010 00:14:47 - WindowGroup.createInterceptor
03.12.2010 00:14:47 -    
03.12.2010 00:14:47 - WindowGroup.createCallback
03.12.2010 00:14:47 -    
03.12.2010 00:14:47 - WindowGroup.createDelegate
03.12.2010 00:14:47 -    
03.12.2010 00:14:47 - WindowGroup.defer
03.12.2010 00:14:47 -    
03.12.2010 00:14:47 - WindowGroup.createSequence
03.12.2010 00:14:47 - WindowMgr
03.12.2010 00:14:47 -    
03.12.2010 00:14:47 - WindowMgr.zseed
03.12.2010 00:14:47 -    
03.12.2010 00:14:47 - WindowMgr.register
03.12.2010 00:14:47 -    
03.12.2010 00:14:47 - WindowMgr.unregister
03.12.2010 00:14:47 -    
03.12.2010 00:14:47 - WindowMgr.get
03.12.2010 00:14:47 -    
03.12.2010 00:14:47 - WindowMgr.bringToFront
03.12.2010 00:14:47 -    
03.12.2010 00:14:47 - WindowMgr.sendToBack
03.12.2010 00:14:47 -    
03.12.2010 00:14:47 - WindowMgr.hideAll
03.12.2010 00:14:47 -    
03.12.2010 00:14:47 - WindowMgr.getActive
03.12.2010 00:14:47 -    
03.12.2010 00:14:47 - WindowMgr.getBy
03.12.2010 00:14:47 -    
03.12.2010 00:14:47 - WindowMgr.each
03.12.2010 00:14:47 - MessageBox
03.12.2010 00:14:47 -    
03.12.2010 00:14:47 - MessageBox.getDialog
03.12.2010 00:14:47 -    
03.12.2010 00:14:47 - MessageBox.updateText
03.12.2010 00:14:47 -    
03.12.2010 00:14:47 - MessageBox.updateProgress
03.12.2010 00:14:47 -    
03.12.2010 00:14:47 - MessageBox.isVisible
03.12.2010 00:14:47 -    
03.12.2010 00:14:47 - MessageBox.hide
03.12.2010 00:14:47 -    
03.12.2010 00:14:47 - MessageBox.show
03.12.2010 00:14:47 -    
03.12.2010 00:14:47 - MessageBox.setIcon
03.12.2010 00:14:47 -    
03.12.2010 00:14:47 - MessageBox.progress
03.12.2010 00:14:47 -    
03.12.2010 00:14:47 - MessageBox.wait
03.12.2010 00:14:47 -    
03.12.2010 00:14:47 - MessageBox.alert
03.12.2010 00:14:47 -    
03.12.2010 00:14:47 - MessageBox.confirm
03.12.2010 00:14:47 -    
03.12.2010 00:14:47 - MessageBox.prompt
03.12.2010 00:14:47 -    
03.12.2010 00:14:47 - MessageBox.OK
03.12.2010 00:14:47 -    
03.12.2010 00:14:47 - MessageBox.CANCEL
03.12.2010 00:14:47 -    
03.12.2010 00:14:47 - MessageBox.OKCANCEL
03.12.2010 00:14:47 -    
03.12.2010 00:14:47 - MessageBox.YESNO
03.12.2010 00:14:47 -    
03.12.2010 00:14:47 - MessageBox.YESNOCANCEL
03.12.2010 00:14:47 -    
03.12.2010 00:14:47 - MessageBox.INFO
03.12.2010 00:14:47 - ext-mb-info
03.12.2010 00:14:47 -    
03.12.2010 00:14:47 - MessageBox.WARNING
03.12.2010 00:14:47 - ext-mb-warning
03.12.2010 00:14:47 -    
03.12.2010 00:14:47 - MessageBox.QUESTION
03.12.2010 00:14:47 - ext-mb-question
03.12.2010 00:14:47 -    
03.12.2010 00:14:47 - MessageBox.ERROR
03.12.2010 00:14:47 - ext-mb-error
03.12.2010 00:14:47 -    
03.12.2010 00:14:47 - MessageBox.defaultTextHeight
03.12.2010 00:14:47 -    
03.12.2010 00:14:47 - MessageBox.maxWidth
03.12.2010 00:14:47 -    
03.12.2010 00:14:47 - MessageBox.minWidth
03.12.2010 00:14:47 -    
03.12.2010 00:14:47 - MessageBox.minProgressWidth
03.12.2010 00:14:47 -    
03.12.2010 00:14:47 - MessageBox.minPromptWidth
03.12.2010 00:14:47 -    
03.12.2010 00:14:47 - MessageBox.buttonText
03.12.2010 00:14:47 - Msg
03.12.2010 00:14:47 -    
03.12.2010 00:14:47 - Msg.getDialog
03.12.2010 00:14:47 -    
03.12.2010 00:14:47 - Msg.updateText
03.12.2010 00:14:47 -    
03.12.2010 00:14:47 - Msg.updateProgress
03.12.2010 00:14:47 -    
03.12.2010 00:14:47 - Msg.isVisible
03.12.2010 00:14:47 -    
03.12.2010 00:14:47 - Msg.hide
03.12.2010 00:14:47 -    
03.12.2010 00:14:47 - Msg.show
03.12.2010 00:14:47 -    
03.12.2010 00:14:47 - Msg.setIcon
03.12.2010 00:14:47 -    
03.12.2010 00:14:47 - Msg.progress
03.12.2010 00:14:47 -    
03.12.2010 00:14:47 - Msg.wait
03.12.2010 00:14:47 -    
03.12.2010 00:14:47 - Msg.alert
03.12.2010 00:14:47 -    
03.12.2010 00:14:47 - Msg.confirm
03.12.2010 00:14:47 -    
03.12.2010 00:14:47 - Msg.prompt
03.12.2010 00:14:47 -    
03.12.2010 00:14:47 - Msg.OK
03.12.2010 00:14:47 -    
03.12.2010 00:14:47 - Msg.CANCEL
03.12.2010 00:14:47 -    
03.12.2010 00:14:47 - Msg.OKCANCEL
03.12.2010 00:14:47 -    
03.12.2010 00:14:47 - Msg.YESNO
03.12.2010 00:14:47 -    
03.12.2010 00:14:47 - Msg.YESNOCANCEL
03.12.2010 00:14:47 -    
03.12.2010 00:14:47 - Msg.INFO
03.12.2010 00:14:47 - ext-mb-info
03.12.2010 00:14:47 -    
03.12.2010 00:14:47 - Msg.WARNING
03.12.2010 00:14:47 - ext-mb-warning
03.12.2010 00:14:47 -    
03.12.2010 00:14:47 - Msg.QUESTION
03.12.2010 00:14:47 - ext-mb-question
03.12.2010 00:14:47 -    
03.12.2010 00:14:47 - Msg.ERROR
03.12.2010 00:14:47 - ext-mb-error
03.12.2010 00:14:47 -    
03.12.2010 00:14:47 - Msg.defaultTextHeight
03.12.2010 00:14:47 -    
03.12.2010 00:14:47 - Msg.maxWidth
03.12.2010 00:14:47 -    
03.12.2010 00:14:47 - Msg.minWidth
03.12.2010 00:14:47 -    
03.12.2010 00:14:47 - Msg.minProgressWidth
03.12.2010 00:14:47 -    
03.12.2010 00:14:47 - Msg.minPromptWidth
03.12.2010 00:14:47 -    
03.12.2010 00:14:47 - Msg.buttonText
03.12.2010 00:14:47 - DataView
03.12.2010 00:14:47 -    
03.12.2010 00:14:47 - DataView.superclass
03.12.2010 00:14:47 -    
03.12.2010 00:14:47 - DataView.override
03.12.2010 00:14:47 -    
03.12.2010 00:14:47 - DataView.extend
03.12.2010 00:14:47 -    
03.12.2010 00:14:47 - DataView.xtype
03.12.2010 00:14:47 - dataview
03.12.2010 00:14:47 -    
03.12.2010 00:14:47 - DataView.createInterceptor
03.12.2010 00:14:47 -    
03.12.2010 00:14:47 - DataView.createCallback
03.12.2010 00:14:47 -    
03.12.2010 00:14:47 - DataView.createDelegate
03.12.2010 00:14:47 -    
03.12.2010 00:14:47 - DataView.defer
03.12.2010 00:14:47 -    
03.12.2010 00:14:47 - DataView.createSequence
03.12.2010 00:14:47 - ListView
03.12.2010 00:14:47 -    
03.12.2010 00:14:47 - ListView.superclass
03.12.2010 00:14:47 -    
03.12.2010 00:14:47 - ListView.override
03.12.2010 00:14:47 -    
03.12.2010 00:14:47 - ListView.extend
03.12.2010 00:14:47 -    
03.12.2010 00:14:47 - ListView.xtype
03.12.2010 00:14:47 - listview
03.12.2010 00:14:47 -    
03.12.2010 00:14:47 - ListView.ColumnResizer
03.12.2010 00:14:47 -    
03.12.2010 00:14:47 - ListView.Sorter
03.12.2010 00:14:47 -    
03.12.2010 00:14:47 - ListView.createInterceptor
03.12.2010 00:14:47 -    
03.12.2010 00:14:47 - ListView.createCallback
03.12.2010 00:14:47 -    
03.12.2010 00:14:47 - ListView.createDelegate
03.12.2010 00:14:47 -    
03.12.2010 00:14:47 - ListView.defer
03.12.2010 00:14:47 -    
03.12.2010 00:14:47 - ListView.createSequence
03.12.2010 00:14:47 - TabPanel
03.12.2010 00:14:47 -    
03.12.2010 00:14:47 - TabPanel.superclass
03.12.2010 00:14:47 -    
03.12.2010 00:14:47 - TabPanel.override
03.12.2010 00:14:47 -    
03.12.2010 00:14:47 - TabPanel.extend
03.12.2010 00:14:47 -    
03.12.2010 00:14:47 - TabPanel.xtype
03.12.2010 00:14:47 - tabpanel
03.12.2010 00:14:47 -    
03.12.2010 00:14:47 - TabPanel.AccessStack
03.12.2010 00:14:47 -    
03.12.2010 00:14:47 - TabPanel.createInterceptor
03.12.2010 00:14:47 -    
03.12.2010 00:14:47 - TabPanel.createCallback
03.12.2010 00:14:47 -    
03.12.2010 00:14:47 - TabPanel.createDelegate
03.12.2010 00:14:47 -    
03.12.2010 00:14:47 - TabPanel.defer
03.12.2010 00:14:47 -    
03.12.2010 00:14:47 - TabPanel.createSequence
03.12.2010 00:14:47 - Button
03.12.2010 00:14:47 -    
03.12.2010 00:14:47 - Button.superclass
03.12.2010 00:14:47 -    
03.12.2010 00:14:47 - Button.override
03.12.2010 00:14:47 -    
03.12.2010 00:14:47 - Button.extend
03.12.2010 00:14:47 -    
03.12.2010 00:14:47 - Button.xtype
03.12.2010 00:14:47 - button
03.12.2010 00:14:47 -    
03.12.2010 00:14:47 - Button.createInterceptor
03.12.2010 00:14:47 -    
03.12.2010 00:14:47 - Button.createCallback
03.12.2010 00:14:47 -    
03.12.2010 00:14:47 - Button.createDelegate
03.12.2010 00:14:47 -    
03.12.2010 00:14:47 - Button.defer
03.12.2010 00:14:47 -    
03.12.2010 00:14:47 - Button.createSequence
03.12.2010 00:14:47 - ButtonToggleMgr
03.12.2010 00:14:47 -    
03.12.2010 00:14:47 - ButtonToggleMgr.register
03.12.2010 00:14:47 -    
03.12.2010 00:14:47 - ButtonToggleMgr.unregister
03.12.2010 00:14:47 -    
03.12.2010 00:14:47 - ButtonToggleMgr.getPressed
03.12.2010 00:14:47 - SplitButton
03.12.2010 00:14:47 -    
03.12.2010 00:14:47 - SplitButton.superclass
03.12.2010 00:14:47 -    
03.12.2010 00:14:47 - SplitButton.override
03.12.2010 00:14:47 -    
03.12.2010 00:14:47 - SplitButton.extend
03.12.2010 00:14:47 -    
03.12.2010 00:14:47 - SplitButton.xtype
03.12.2010 00:14:47 - splitbutton
03.12.2010 00:14:47 -    
03.12.2010 00:14:47 - SplitButton.createInterceptor
03.12.2010 00:14:47 -    
03.12.2010 00:14:47 - SplitButton.createCallback
03.12.2010 00:14:47 -    
03.12.2010 00:14:47 - SplitButton.createDelegate
03.12.2010 00:14:47 -    
03.12.2010 00:14:47 - SplitButton.defer
03.12.2010 00:14:47 -    
03.12.2010 00:14:47 - SplitButton.createSequence
03.12.2010 00:14:47 - CycleButton
03.12.2010 00:14:47 -    
03.12.2010 00:14:47 - CycleButton.superclass
03.12.2010 00:14:47 -    
03.12.2010 00:14:47 - CycleButton.override
03.12.2010 00:14:47 -    
03.12.2010 00:14:47 - CycleButton.extend
03.12.2010 00:14:47 -    
03.12.2010 00:14:47 - CycleButton.xtype
03.12.2010 00:14:47 - cycle
03.12.2010 00:14:47 -    
03.12.2010 00:14:47 - CycleButton.createInterceptor
03.12.2010 00:14:47 -    
03.12.2010 00:14:47 - CycleButton.createCallback
03.12.2010 00:14:47 -    
03.12.2010 00:14:47 - CycleButton.createDelegate
03.12.2010 00:14:47 -    
03.12.2010 00:14:47 - CycleButton.defer
03.12.2010 00:14:47 -    
03.12.2010 00:14:47 - CycleButton.createSequence
03.12.2010 00:14:47 - Toolbar
03.12.2010 00:14:47 -    
03.12.2010 00:14:47 - Toolbar.superclass
03.12.2010 00:14:47 -    
03.12.2010 00:14:47 - Toolbar.override
03.12.2010 00:14:47 -    
03.12.2010 00:14:47 - Toolbar.extend
03.12.2010 00:14:47 -    
03.12.2010 00:14:47 - Toolbar.xtype
03.12.2010 00:14:47 - toolbar
03.12.2010 00:14:47 -    
03.12.2010 00:14:47 - Toolbar.Item
03.12.2010 00:14:47 -    
03.12.2010 00:14:47 - Toolbar.Separator
03.12.2010 00:14:47 -    
03.12.2010 00:14:47 - Toolbar.Spacer
03.12.2010 00:14:47 -    
03.12.2010 00:14:47 - Toolbar.Fill
03.12.2010 00:14:47 -    
03.12.2010 00:14:47 - Toolbar.TextItem
03.12.2010 00:14:47 -    
03.12.2010 00:14:47 - Toolbar.Button
03.12.2010 00:14:47 -    
03.12.2010 00:14:47 - Toolbar.SplitButton
03.12.2010 00:14:47 -    
03.12.2010 00:14:47 - Toolbar.createInterceptor
03.12.2010 00:14:47 -    
03.12.2010 00:14:47 - Toolbar.createCallback
03.12.2010 00:14:47 -    
03.12.2010 00:14:47 - Toolbar.createDelegate
03.12.2010 00:14:47 -    
03.12.2010 00:14:47 - Toolbar.defer
03.12.2010 00:14:47 -    
03.12.2010 00:14:47 - Toolbar.createSequence
03.12.2010 00:14:47 - ButtonGroup
03.12.2010 00:14:47 -    
03.12.2010 00:14:47 - ButtonGroup.superclass
03.12.2010 00:14:47 -    
03.12.2010 00:14:47 - ButtonGroup.override
03.12.2010 00:14:47 -    
03.12.2010 00:14:47 - ButtonGroup.extend
03.12.2010 00:14:47 -    
03.12.2010 00:14:47 - ButtonGroup.xtype
03.12.2010 00:14:47 - buttongroup
03.12.2010 00:14:47 -    
03.12.2010 00:14:47 - ButtonGroup.createInterceptor
03.12.2010 00:14:47 -    
03.12.2010 00:14:47 - ButtonGroup.createCallback
03.12.2010 00:14:47 -    
03.12.2010 00:14:47 - ButtonGroup.createDelegate
03.12.2010 00:14:47 -    
03.12.2010 00:14:47 - ButtonGroup.defer
03.12.2010 00:14:47 -    
03.12.2010 00:14:47 - ButtonGroup.createSequence
03.12.2010 00:14:47 - PagingToolbar
03.12.2010 00:14:47 -    
03.12.2010 00:14:47 - PagingToolbar.superclass
03.12.2010 00:14:47 -    
03.12.2010 00:14:47 - PagingToolbar.override
03.12.2010 00:14:47 -    
03.12.2010 00:14:47 - PagingToolbar.extend
03.12.2010 00:14:47 -    
03.12.2010 00:14:47 - PagingToolbar.xtype
03.12.2010 00:14:47 - paging
03.12.2010 00:14:47 -    
03.12.2010 00:14:47 - PagingToolbar.createInterceptor
03.12.2010 00:14:47 -    
03.12.2010 00:14:47 - PagingToolbar.createCallback
03.12.2010 00:14:47 -    
03.12.2010 00:14:47 - PagingToolbar.createDelegate
03.12.2010 00:14:47 -    
03.12.2010 00:14:47 - PagingToolbar.defer
03.12.2010 00:14:47 -    
03.12.2010 00:14:47 - PagingToolbar.createSequence
03.12.2010 00:14:47 - History
03.12.2010 00:14:47 -    
03.12.2010 00:14:47 - History.fieldId
03.12.2010 00:14:47 - x-history-field
03.12.2010 00:14:47 -    
03.12.2010 00:14:47 - History.iframeId
03.12.2010 00:14:47 - x-history-frame
03.12.2010 00:14:47 -    
03.12.2010 00:14:47 - History.events
03.12.2010 00:14:47 -    
03.12.2010 00:14:47 - History.init
03.12.2010 00:14:47 -    
03.12.2010 00:14:47 - History.add
03.12.2010 00:14:47 -    
03.12.2010 00:14:47 - History.back
03.12.2010 00:14:47 -    
03.12.2010 00:14:47 - History.forward
03.12.2010 00:14:47 -    
03.12.2010 00:14:47 - History.getToken
03.12.2010 00:14:47 -    
03.12.2010 00:14:47 - History.filterOptRe
03.12.2010 00:14:47 -    
03.12.2010 00:14:47 - History.fireEvent
03.12.2010 00:14:47 -    
03.12.2010 00:14:47 - History.addListener
03.12.2010 00:14:47 -    
03.12.2010 00:14:47 - History.removeListener
03.12.2010 00:14:47 -    
03.12.2010 00:14:47 - History.purgeListeners
03.12.2010 00:14:47 -    
03.12.2010 00:14:47 - History.addEvents
03.12.2010 00:14:47 -    
03.12.2010 00:14:47 - History.hasListener
03.12.2010 00:14:47 -    
03.12.2010 00:14:47 - History.suspendEvents
03.12.2010 00:14:47 -    
03.12.2010 00:14:47 - History.resumeEvents
03.12.2010 00:14:47 -    
03.12.2010 00:14:47 - History.on
03.12.2010 00:14:47 -    
03.12.2010 00:14:47 - History.un
03.12.2010 00:14:47 -    
03.12.2010 00:14:47 - History.beforeMethod
03.12.2010 00:14:47 -    
03.12.2010 00:14:47 - History.afterMethod
03.12.2010 00:14:47 -    
03.12.2010 00:14:47 - History.removeMethodListener
03.12.2010 00:14:47 -    
03.12.2010 00:14:47 - History.relayEvents
03.12.2010 00:14:47 -    
03.12.2010 00:14:47 - History.enableBubble
03.12.2010 00:14:47 -    
03.12.2010 00:14:47 - History.constructor
03.12.2010 00:14:47 - Tip
03.12.2010 00:14:47 -    
03.12.2010 00:14:47 - Tip.superclass
03.12.2010 00:14:47 -    
03.12.2010 00:14:47 - Tip.override
03.12.2010 00:14:47 -    
03.12.2010 00:14:47 - Tip.extend
03.12.2010 00:14:47 -    
03.12.2010 00:14:47 - Tip.xtype
03.12.2010 00:14:47 - tip
03.12.2010 00:14:47 -    
03.12.2010 00:14:47 - Tip.DD
03.12.2010 00:14:47 -    
03.12.2010 00:14:47 - Tip.createInterceptor
03.12.2010 00:14:47 -    
03.12.2010 00:14:47 - Tip.createCallback
03.12.2010 00:14:47 -    
03.12.2010 00:14:47 - Tip.createDelegate
03.12.2010 00:14:47 -    
03.12.2010 00:14:47 - Tip.defer
03.12.2010 00:14:47 -    
03.12.2010 00:14:47 - Tip.createSequence
03.12.2010 00:14:47 - ToolTip
03.12.2010 00:14:47 -    
03.12.2010 00:14:47 - ToolTip.superclass
03.12.2010 00:14:47 -    
03.12.2010 00:14:47 - ToolTip.override
03.12.2010 00:14:47 -    
03.12.2010 00:14:47 - ToolTip.extend
03.12.2010 00:14:47 -    
03.12.2010 00:14:47 - ToolTip.xtype
03.12.2010 00:14:47 - tooltip
03.12.2010 00:14:47 -    
03.12.2010 00:14:47 - ToolTip.createInterceptor
03.12.2010 00:14:47 -    
03.12.2010 00:14:47 - ToolTip.createCallback
03.12.2010 00:14:47 -    
03.12.2010 00:14:47 - ToolTip.createDelegate
03.12.2010 00:14:47 -    
03.12.2010 00:14:47 - ToolTip.defer
03.12.2010 00:14:47 -    
03.12.2010 00:14:47 - ToolTip.createSequence
03.12.2010 00:14:47 - QuickTip
03.12.2010 00:14:47 -    
03.12.2010 00:14:47 - QuickTip.superclass
03.12.2010 00:14:47 -    
03.12.2010 00:14:47 - QuickTip.override
03.12.2010 00:14:47 -    
03.12.2010 00:14:47 - QuickTip.extend
03.12.2010 00:14:47 -    
03.12.2010 00:14:47 - QuickTip.xtype
03.12.2010 00:14:47 - quicktip
03.12.2010 00:14:47 -    
03.12.2010 00:14:47 - QuickTip.createInterceptor
03.12.2010 00:14:47 -    
03.12.2010 00:14:47 - QuickTip.createCallback
03.12.2010 00:14:47 -    
03.12.2010 00:14:47 - QuickTip.createDelegate
03.12.2010 00:14:47 -    
03.12.2010 00:14:47 - QuickTip.defer
03.12.2010 00:14:47 -    
03.12.2010 00:14:47 - QuickTip.createSequence
03.12.2010 00:14:47 - QuickTips
03.12.2010 00:14:47 -    
03.12.2010 00:14:47 - QuickTips.init
03.12.2010 00:14:47 -    
03.12.2010 00:14:47 - QuickTips.enable
03.12.2010 00:14:47 -    
03.12.2010 00:14:47 - QuickTips.disable
03.12.2010 00:14:47 -    
03.12.2010 00:14:47 - QuickTips.isEnabled
03.12.2010 00:14:47 -    
03.12.2010 00:14:47 - QuickTips.getQuickTip
03.12.2010 00:14:47 -    
03.12.2010 00:14:47 - QuickTips.register
03.12.2010 00:14:47 -    
03.12.2010 00:14:47 - QuickTips.unregister
03.12.2010 00:14:47 -    
03.12.2010 00:14:47 - QuickTips.tips
03.12.2010 00:14:47 - FlashComponent
03.12.2010 00:14:47 -    
03.12.2010 00:14:47 - FlashComponent.superclass
03.12.2010 00:14:47 -    
03.12.2010 00:14:47 - FlashComponent.override
03.12.2010 00:14:47 -    
03.12.2010 00:14:47 - FlashComponent.extend
03.12.2010 00:14:47 -    
03.12.2010 00:14:47 - FlashComponent.EXPRESS_INSTALL_URL
03.12.2010 00:14:47 - http://swfobject.googlecode.com/svn/trunk/swfobject/expressInstall.swf
03.12.2010 00:14:47 -    
03.12.2010 00:14:47 - FlashComponent.xtype
03.12.2010 00:14:47 - flash
03.12.2010 00:14:47 -    
03.12.2010 00:14:47 - FlashComponent.createInterceptor
03.12.2010 00:14:47 -    
03.12.2010 00:14:47 - FlashComponent.createCallback
03.12.2010 00:14:47 -    
03.12.2010 00:14:47 - FlashComponent.createDelegate
03.12.2010 00:14:47 -    
03.12.2010 00:14:47 - FlashComponent.defer
03.12.2010 00:14:47 -    
03.12.2010 00:14:47 - FlashComponent.createSequence
03.12.2010 00:14:47 - FlashEventProxy
03.12.2010 00:14:47 -    
03.12.2010 00:14:47 - FlashEventProxy.onEvent
03.12.2010 00:14:47 - BasicForm
03.12.2010 00:14:47 -    
03.12.2010 00:14:47 - BasicForm.superclass
03.12.2010 00:14:47 -    
03.12.2010 00:14:47 - BasicForm.override
03.12.2010 00:14:47 -    
03.12.2010 00:14:47 - BasicForm.extend
03.12.2010 00:14:47 -    
03.12.2010 00:14:47 - BasicForm.createInterceptor
03.12.2010 00:14:47 -    
03.12.2010 00:14:47 - BasicForm.createCallback
03.12.2010 00:14:47 -    
03.12.2010 00:14:47 - BasicForm.createDelegate
03.12.2010 00:14:47 -    
03.12.2010 00:14:47 - BasicForm.defer
03.12.2010 00:14:47 -    
03.12.2010 00:14:47 - BasicForm.createSequence
03.12.2010 00:14:47 - FormPanel
03.12.2010 00:14:47 -    
03.12.2010 00:14:47 - FormPanel.superclass
03.12.2010 00:14:47 -    
03.12.2010 00:14:47 - FormPanel.override
03.12.2010 00:14:47 -    
03.12.2010 00:14:47 - FormPanel.extend
03.12.2010 00:14:47 -    
03.12.2010 00:14:47 - FormPanel.xtype
03.12.2010 00:14:47 - form
03.12.2010 00:14:47 -    
03.12.2010 00:14:47 - FormPanel.createInterceptor
03.12.2010 00:14:47 -    
03.12.2010 00:14:47 - FormPanel.createCallback
03.12.2010 00:14:47 -    
03.12.2010 00:14:47 - FormPanel.createDelegate
03.12.2010 00:14:47 -    
03.12.2010 00:14:47 - FormPanel.defer
03.12.2010 00:14:47 -    
03.12.2010 00:14:47 - FormPanel.createSequence
03.12.2010 00:14:47 - $$$$$$$$$$$$$$$$$$$$$$$$$$$$$
03.12.2010 00:14:47 - Mozilla/5.0 (Windows; U; Windows NT 5.1; en-US; rv:1.9.0.1) Gecko/2008070208 Firefox/3.0.1
03.12.2010 00:14:47 - FUUUUUUUUCK READDDDDDDDDDDDD
]]></system-out><testcase classname="org.other.COMTest" name="Value" time="0.139"/></testsuite>